[17:08:02.657] [T1] [DS=False] DEBUG | Log Started
[17:08:02.696] [T1] [DS=False] DEBUG | BeforeStart() - Checking Group Settings:
-> GroupName = UniqueNameHere
->-> Setting has 1 definitions:
->->-> Definition = (null)/(null)
->->-> Definition was null

BeforeStart() - Checking Config for saved settings
-> Setting = MyObjectBuilder_MyProgrammableBlock/SmallProgrammableBlock
->-> Setting added successfully
-> Setting = MyObjectBuilder_Projector/LargeProjector
->-> Setting added successfully
-> Setting = MyObjectBuilder_Projector/SmallProjector
->-> Setting added successfully
-> Setting = MyObjectBuilder_SensorBlock/SmallBlockSensor
->-> Setting added successfully
-> Setting = MyObjectBuilder_SensorBlock/LargeBlockSensor
->-> Setting added successfully
-> Setting = MyObjectBuilder_TargetDummyBlock/TargetDummy
->-> Setting added successfully
-> Setting = MyObjectBuilder_SoundBlock/SmallBlockSoundBlock
->-> Setting added successfully
-> Setting = MyObjectBuilder_SoundBlock/LargeBlockSoundBlock
->-> Setting added successfully
-> Setting = MyObjectBuilder_ButtonPanel/ButtonPanelLarge
->-> Setting added successfully
-> Setting = MyObjectBuilder_ButtonPanel/ButtonPanelSmall
->-> Setting added successfully
-> Setting = MyObjectBuilder_ButtonPanel/LargeButtonPanelPedestal
->-> Setting added successfully
-> Setting = MyObjectBuilder_ButtonPanel/SmallButtonPanelPedestal
->-> Setting added successfully
-> Setting = MyObjectBuilder_TimerBlock/TimerBlockLarge
->-> Setting added successfully
-> Setting = MyObjectBuilder_TimerBlock/TimerBlockSmall
->-> Setting added successfully
-> Setting = MyObjectBuilder_MyProgrammableBlock/LargeProgrammableBlock
->-> Setting added successfully
-> Setting = MyObjectBuilder_TurretControlBlock/LargeTurretControlBlock
->-> Setting added successfully
-> Setting = MyObjectBuilder_TurretControlBlock/SmallTurretControlBlock
->-> Setting added successfully
-> Setting = MyObjectBuilder_EventControllerBlock/EventControllerLarge
->-> Setting added successfully
-> Setting = MyObjectBuilder_EventControllerBlock/EventControllerSmall
->-> Setting added successfully
-> Setting = MyObjectBuilder_PathRecorderBlock/LargePathRecorderBlock
->-> Setting added successfully
-> Setting = MyObjectBuilder_PathRecorderBlock/SmallPathRecorderBlock
->-> Setting added successfully
-> Setting = MyObjectBuilder_BasicMissionBlock/LargeBasicMission
->-> Setting added successfully
-> Setting = MyObjectBuilder_BasicMissionBlock/SmallBasicMission
->-> Setting added successfully
-> Setting = MyObjectBuilder_FlightMovementBlock/LargeFlightMovement
->-> Setting added successfully
-> Setting = MyObjectBuilder_FlightMovementBlock/SmallFlightMovement
->-> Setting added successfully
-> Setting = MyObjectBuilder_DefensiveCombatBlock/LargeDefensiveCombat
->-> Setting added successfully
-> Setting = MyObjectBuilder_DefensiveCombatBlock/SmallDefensiveCombat
->-> Setting added successfully
-> Setting = MyObjectBuilder_OffensiveCombatBlock/LargeOffensiveCombat
->-> Setting added successfully
-> Setting = MyObjectBuilder_OffensiveCombatBlock/SmallOffensiveCombat
->-> Setting added successfully
-> Setting = MyObjectBuilder_RadioAntenna/LargeBlockRadioAntenna
->-> Setting added successfully
-> Setting = MyObjectBuilder_Beacon/LargeBlockBeacon
->-> Setting added successfully
-> Setting = MyObjectBuilder_Beacon/SmallBlockBeacon
->-> Setting added successfully
-> Setting = MyObjectBuilder_RadioAntenna/SmallBlockRadioAntenna
->-> Setting added successfully
-> Setting = MyObjectBuilder_RemoteControl/LargeBlockRemoteControl
->-> Setting added successfully
-> Setting = MyObjectBuilder_RemoteControl/SmallBlockRemoteControl
->-> Setting added successfully
-> Setting = MyObjectBuilder_LaserAntenna/LargeBlockLaserAntenna
->-> Setting added successfully
-> Setting = MyObjectBuilder_LaserAntenna/SmallBlockLaserAntenna
->-> Setting added successfully
-> Setting = MyObjectBuilder_TerminalBlock/ControlPanel
->-> Setting added successfully
-> Setting = MyObjectBuilder_TerminalBlock/SmallControlPanel
->-> Setting added successfully
-> Setting = MyObjectBuilder_TerminalBlock/LargeControlPanelPedestal
->-> Setting added successfully
-> Setting = MyObjectBuilder_TerminalBlock/SmallControlPanelPedestal
->-> Setting added successfully
-> Setting = MyObjectBuilder_Cockpit/LargeBlockCockpit
->-> Setting added successfully
-> Setting = MyObjectBuilder_Cockpit/LargeBlockCockpitSeat
->-> Setting added successfully
-> Setting = MyObjectBuilder_Cockpit/SmallBlockCockpit
->-> Setting added successfully
-> Setting = MyObjectBuilder_Cockpit/DBSmallBlockFighterCockpit
->-> Setting added successfully
-> Setting = MyObjectBuilder_Cockpit/CockpitOpen
->-> Setting added successfully
-> Setting = MyObjectBuilder_Cockpit/RoverCockpit
->-> Setting added successfully
-> Setting = MyObjectBuilder_Gyro/LargeBlockGyro
->-> Setting added successfully
-> Setting = MyObjectBuilder_Gyro/SmallBlockGyro
->-> Setting added successfully
-> Setting = MyObjectBuilder_Cockpit/OpenCockpitSmall
->-> Setting added successfully
-> Setting = MyObjectBuilder_Cockpit/OpenCockpitLarge
->-> Setting added successfully
-> Setting = MyObjectBuilder_Cockpit/LargeBlockDesk
->-> Setting added successfully
-> Setting = MyObjectBuilder_Cockpit/LargeBlockDeskCorner
->-> Setting added successfully
-> Setting = MyObjectBuilder_Cockpit/LargeBlockDeskCornerInv
->-> Setting added successfully
-> Setting = MyObjectBuilder_CryoChamber/LargeBlockBed
->-> Setting added successfully
-> Setting = MyObjectBuilder_CargoContainer/LargeBlockLockerRoom
->-> Setting added successfully
-> Setting = MyObjectBuilder_CargoContainer/LargeBlockLockerRoomCorner
->-> Setting added successfully
-> Setting = MyObjectBuilder_Cockpit/LargeBlockCouch
->-> Setting added successfully
-> Setting = MyObjectBuilder_Cockpit/LargeBlockCouchCorner
->-> Setting added successfully
-> Setting = MyObjectBuilder_CargoContainer/LargeBlockLockers
->-> Setting added successfully
-> Setting = MyObjectBuilder_Cockpit/LargeBlockBathroomOpen
->-> Setting added successfully
-> Setting = MyObjectBuilder_Cockpit/LargeBlockBathroom
->-> Setting added successfully
-> Setting = MyObjectBuilder_Cockpit/LargeBlockToilet
->-> Setting added successfully
-> Setting = MyObjectBuilder_Projector/LargeBlockConsole
->-> Setting added successfully
-> Setting = MyObjectBuilder_Cockpit/SmallBlockCockpitIndustrial
->-> Setting added successfully
-> Setting = MyObjectBuilder_Cockpit/LargeBlockCockpitIndustrial
->-> Setting added successfully
-> Setting = MyObjectBuilder_Door/(null)
->-> Setting added successfully
-> Setting = MyObjectBuilder_Door/SmallDoor
->-> Setting added successfully
-> Setting = MyObjectBuilder_AirtightHangarDoor/(null)
->-> Setting added successfully
-> Setting = MyObjectBuilder_AirtightSlideDoor/LargeBlockSlideDoor
->-> Setting added successfully
-> Setting = MyObjectBuilder_StoreBlock/StoreBlock
->-> Setting added successfully
-> Setting = MyObjectBuilder_SafeZoneBlock/SafeZoneBlock
->-> Setting added successfully
-> Setting = MyObjectBuilder_ContractBlock/ContractBlock
->-> Setting added successfully
-> Setting = MyObjectBuilder_VendingMachine/VendingMachine
->-> Setting added successfully
-> Setting = MyObjectBuilder_StoreBlock/AtmBlock
->-> Setting added successfully
-> Setting = MyObjectBuilder_BatteryBlock/LargeBlockBatteryBlock
->-> Setting added successfully
-> Setting = MyObjectBuilder_BatteryBlock/SmallBlockBatteryBlock
->-> Setting added successfully
-> Setting = MyObjectBuilder_BatteryBlock/SmallBlockSmallBatteryBlock
->-> Setting added successfully
-> Setting = MyObjectBuilder_Reactor/SmallBlockSmallGenerator
->-> Setting added successfully
-> Setting = MyObjectBuilder_Reactor/SmallBlockLargeGenerator
->-> Setting added successfully
-> Setting = MyObjectBuilder_Reactor/LargeBlockSmallGenerator
->-> Setting added successfully
-> Setting = MyObjectBuilder_Reactor/LargeBlockLargeGenerator
->-> Setting added successfully
-> Setting = MyObjectBuilder_HydrogenEngine/LargeHydrogenEngine
->-> Setting added successfully
-> Setting = MyObjectBuilder_HydrogenEngine/SmallHydrogenEngine
->-> Setting added successfully
-> Setting = MyObjectBuilder_WindTurbine/LargeBlockWindTurbine
->-> Setting added successfully
-> Setting = MyObjectBuilder_SolarPanel/LargeBlockSolarPanel
->-> Setting added successfully
-> Setting = MyObjectBuilder_SolarPanel/SmallBlockSolarPanel
->-> Setting added successfully
-> Setting = MyObjectBuilder_RadioAntenna/LargeBlockRadioAntennaDish
->-> Setting added successfully
-> Setting = MyObjectBuilder_Door/LargeBlockGate
->-> Setting added successfully
-> Setting = MyObjectBuilder_Door/LargeBlockOffsetDoor
->-> Setting added successfully
-> Setting = MyObjectBuilder_GravityGenerator/(null)
->-> Setting added successfully
-> Setting = MyObjectBuilder_GravityGeneratorSphere/(null)
->-> Setting added successfully
-> Setting = MyObjectBuilder_VirtualMass/VirtualMassLarge
->-> Setting added successfully
-> Setting = MyObjectBuilder_VirtualMass/VirtualMassSmall
->-> Setting added successfully
-> Setting = MyObjectBuilder_SpaceBall/SpaceBallLarge
->-> Setting added successfully
-> Setting = MyObjectBuilder_SpaceBall/SpaceBallSmall
->-> Setting added successfully
-> Setting = MyObjectBuilder_InteriorLight/LargeBlockInsetLight
->-> Setting added successfully
-> Setting = MyObjectBuilder_InteriorLight/SmallBlockInsetLight
->-> Setting added successfully
-> Setting = MyObjectBuilder_TerminalBlock/LargeBlockAccessPanel1
->-> Setting added successfully
-> Setting = MyObjectBuilder_TerminalBlock/LargeBlockAccessPanel2
->-> Setting added successfully
-> Setting = MyObjectBuilder_ButtonPanel/LargeBlockAccessPanel3
->-> Setting added successfully
-> Setting = MyObjectBuilder_TerminalBlock/LargeBlockAccessPanel4
->-> Setting added successfully
-> Setting = MyObjectBuilder_TerminalBlock/SmallBlockAccessPanel1
->-> Setting added successfully
-> Setting = MyObjectBuilder_TerminalBlock/SmallBlockAccessPanel2
->-> Setting added successfully
-> Setting = MyObjectBuilder_TerminalBlock/SmallBlockAccessPanel3
->-> Setting added successfully
-> Setting = MyObjectBuilder_TerminalBlock/SmallBlockAccessPanel4
->-> Setting added successfully
-> Setting = MyObjectBuilder_AirVent/AirVentFan
->-> Setting added successfully
-> Setting = MyObjectBuilder_AirVent/AirVentFanFull
->-> Setting added successfully
-> Setting = MyObjectBuilder_AirVent/SmallAirVentFan
->-> Setting added successfully
-> Setting = MyObjectBuilder_AirVent/SmallAirVentFanFull
->-> Setting added successfully
-> Setting = MyObjectBuilder_CameraBlock/LargeCameraTopMounted
->-> Setting added successfully
-> Setting = MyObjectBuilder_CameraBlock/SmallCameraTopMounted
->-> Setting added successfully
-> Setting = MyObjectBuilder_SensorBlock/SmallBlockSensorReskin
->-> Setting added successfully
-> Setting = MyObjectBuilder_SensorBlock/LargeBlockSensorReskin
->-> Setting added successfully
-> Setting = MyObjectBuilder_MyProgrammableBlock/LargeProgrammableBlockReskin
->-> Setting added successfully
-> Setting = MyObjectBuilder_MyProgrammableBlock/SmallProgrammableBlockReskin
->-> Setting added successfully
-> Setting = MyObjectBuilder_TimerBlock/TimerBlockReskinLarge
->-> Setting added successfully
-> Setting = MyObjectBuilder_TimerBlock/TimerBlockReskinSmall
->-> Setting added successfully
-> Setting = MyObjectBuilder_Cockpit/SpeederCockpit
->-> Setting added successfully
-> Setting = MyObjectBuilder_Cockpit/SpeederCockpitCompact
->-> Setting added successfully
-> Setting = MyObjectBuilder_EmotionControllerBlock/EmotionControllerLarge
->-> Setting added successfully
-> Setting = MyObjectBuilder_EmotionControllerBlock/EmotionControllerSmall
->-> Setting added successfully
-> Setting = MyObjectBuilder_LandingGear/LargeBlockMagneticPlate
->-> Setting added successfully
-> Setting = MyObjectBuilder_LandingGear/SmallBlockMagneticPlate
->-> Setting added successfully
-> Setting = MyObjectBuilder_CargoContainer/LargeBlockLargeIndustrialContainer
->-> Setting added successfully
-> Setting = MyObjectBuilder_ButtonPanel/VerticalButtonPanelLarge
->-> Setting added successfully
-> Setting = MyObjectBuilder_ButtonPanel/VerticalButtonPanelSmall
->-> Setting added successfully
-> Setting = MyObjectBuilder_OxygenTank/LargeHydrogenTankIndustrial
->-> Setting added successfully
-> Setting = MyObjectBuilder_Assembler/LargeAssemblerIndustrial
->-> Setting added successfully
-> Setting = MyObjectBuilder_Refinery/LargeRefineryIndustrial
->-> Setting added successfully
-> Setting = MyObjectBuilder_ConveyorSorter/LargeBlockConveyorSorterIndustrial
->-> Setting added successfully
-> Setting = MyObjectBuilder_Thrust/LargeBlockLargeHydrogenThrustIndustrial
->-> Setting added successfully
-> Setting = MyObjectBuilder_Thrust/LargeBlockSmallHydrogenThrustIndustrial
->-> Setting added successfully
-> Setting = MyObjectBuilder_Thrust/SmallBlockLargeHydrogenThrustIndustrial
->-> Setting added successfully
-> Setting = MyObjectBuilder_Thrust/SmallBlockSmallHydrogenThrustIndustrial
->-> Setting added successfully
-> Setting = MyObjectBuilder_Cockpit/PassengerSeatLarge
->-> Setting added successfully
-> Setting = MyObjectBuilder_Cockpit/PassengerSeatSmall
->-> Setting added successfully
-> Setting = MyObjectBuilder_Cockpit/PassengerSeatSmallNew
->-> Setting added successfully
-> Setting = MyObjectBuilder_Cockpit/PassengerSeatSmallOffset
->-> Setting added successfully
-> Setting = MyObjectBuilder_InteriorLight/AirDuctLight
->-> Setting added successfully
-> Setting = MyObjectBuilder_TextPanel/SmallTextPanel
->-> Setting added successfully
-> Setting = MyObjectBuilder_TextPanel/SmallLCDPanelWide
->-> Setting added successfully
-> Setting = MyObjectBuilder_TextPanel/SmallLCDPanel
->-> Setting added successfully
-> Setting = MyObjectBuilder_TextPanel/LargeBlockCorner_LCD_1
->-> Setting added successfully
-> Setting = MyObjectBuilder_TextPanel/LargeBlockCorner_LCD_2
->-> Setting added successfully
-> Setting = MyObjectBuilder_TextPanel/LargeBlockCorner_LCD_Flat_1
->-> Setting added successfully
-> Setting = MyObjectBuilder_TextPanel/LargeBlockCorner_LCD_Flat_2
->-> Setting added successfully
-> Setting = MyObjectBuilder_TextPanel/SmallBlockCorner_LCD_1
->-> Setting added successfully
-> Setting = MyObjectBuilder_TextPanel/SmallBlockCorner_LCD_2
->-> Setting added successfully
-> Setting = MyObjectBuilder_TextPanel/SmallBlockCorner_LCD_Flat_1
->-> Setting added successfully
-> Setting = MyObjectBuilder_TextPanel/SmallBlockCorner_LCD_Flat_2
->-> Setting added successfully
-> Setting = MyObjectBuilder_TextPanel/LargeTextPanel
->-> Setting added successfully
-> Setting = MyObjectBuilder_TextPanel/LargeLCDPanel
->-> Setting added successfully
-> Setting = MyObjectBuilder_TextPanel/LargeLCDPanelWide
->-> Setting added successfully
-> Setting = MyObjectBuilder_ReflectorLight/LargeBlockFrontLight
->-> Setting added successfully
-> Setting = MyObjectBuilder_ReflectorLight/SmallBlockFrontLight
->-> Setting added successfully
-> Setting = MyObjectBuilder_InteriorLight/SmallLight
->-> Setting added successfully
-> Setting = MyObjectBuilder_InteriorLight/SmallBlockSmallLight
->-> Setting added successfully
-> Setting = MyObjectBuilder_InteriorLight/LargeBlockLight_1corner
->-> Setting added successfully
-> Setting = MyObjectBuilder_InteriorLight/LargeBlockLight_2corner
->-> Setting added successfully
-> Setting = MyObjectBuilder_InteriorLight/SmallBlockLight_1corner
->-> Setting added successfully
-> Setting = MyObjectBuilder_InteriorLight/SmallBlockLight_2corner
->-> Setting added successfully
-> Setting = MyObjectBuilder_OxygenTank/OxygenTankSmall
->-> Setting added successfully
-> Setting = MyObjectBuilder_OxygenTank/(null)
->-> Setting added successfully
-> Setting = MyObjectBuilder_OxygenTank/LargeHydrogenTank
->-> Setting added successfully
-> Setting = MyObjectBuilder_OxygenTank/LargeHydrogenTankSmall
->-> Setting added successfully
-> Setting = MyObjectBuilder_OxygenTank/SmallHydrogenTank
->-> Setting added successfully
-> Setting = MyObjectBuilder_OxygenTank/SmallHydrogenTankSmall
->-> Setting added successfully
-> Setting = MyObjectBuilder_AirVent/(null)
->-> Setting added successfully
-> Setting = MyObjectBuilder_AirVent/AirVentFull
->-> Setting added successfully
-> Setting = MyObjectBuilder_AirVent/SmallAirVent
->-> Setting added successfully
-> Setting = MyObjectBuilder_AirVent/SmallAirVentFull
->-> Setting added successfully
-> Setting = MyObjectBuilder_CargoContainer/SmallBlockSmallContainer
->-> Setting added successfully
-> Setting = MyObjectBuilder_CargoContainer/SmallBlockMediumContainer
->-> Setting added successfully
-> Setting = MyObjectBuilder_CargoContainer/SmallBlockLargeContainer
->-> Setting added successfully
-> Setting = MyObjectBuilder_CargoContainer/LargeBlockSmallContainer
->-> Setting added successfully
-> Setting = MyObjectBuilder_CargoContainer/LargeBlockLargeContainer
->-> Setting added successfully
-> Setting = MyObjectBuilder_Collector/Collector
->-> Setting added successfully
-> Setting = MyObjectBuilder_Collector/CollectorSmall
->-> Setting added successfully
-> Setting = MyObjectBuilder_ShipConnector/Connector
->-> Setting added successfully
-> Setting = MyObjectBuilder_ShipConnector/ConnectorSmall
->-> Setting added successfully
-> Setting = MyObjectBuilder_ShipConnector/ConnectorMedium
->-> Setting added successfully
-> Setting = MyObjectBuilder_ConveyorSorter/LargeBlockConveyorSorter
->-> Setting added successfully
-> Setting = MyObjectBuilder_ConveyorSorter/MediumBlockConveyorSorter
->-> Setting added successfully
-> Setting = MyObjectBuilder_ConveyorSorter/SmallBlockConveyorSorter
->-> Setting added successfully
-> Setting = MyObjectBuilder_PistonBase/LargePistonBase
->-> Setting added successfully
-> Setting = MyObjectBuilder_ExtendedPistonBase/LargePistonBase
->-> Setting added successfully
-> Setting = MyObjectBuilder_PistonBase/SmallPistonBase
->-> Setting added successfully
-> Setting = MyObjectBuilder_ExtendedPistonBase/SmallPistonBase
->-> Setting added successfully
-> Setting = MyObjectBuilder_MotorStator/LargeStator
->-> Setting added successfully
-> Setting = MyObjectBuilder_MotorStator/SmallStator
->-> Setting added successfully
-> Setting = MyObjectBuilder_MotorAdvancedStator/LargeAdvancedStator
->-> Setting added successfully
-> Setting = MyObjectBuilder_MotorAdvancedStator/SmallAdvancedStator
->-> Setting added successfully
-> Setting = MyObjectBuilder_MotorAdvancedStator/SmallAdvancedStatorSmall
->-> Setting added successfully
-> Setting = MyObjectBuilder_MotorAdvancedStator/LargeHinge
->-> Setting added successfully
-> Setting = MyObjectBuilder_MotorAdvancedStator/MediumHinge
->-> Setting added successfully
-> Setting = MyObjectBuilder_MotorAdvancedStator/SmallHinge
->-> Setting added successfully
-> Setting = MyObjectBuilder_MedicalRoom/LargeMedicalRoom
->-> Setting added successfully
-> Setting = MyObjectBuilder_CryoChamber/LargeBlockCryoChamber
->-> Setting added successfully
-> Setting = MyObjectBuilder_CryoChamber/SmallBlockCryoChamber
->-> Setting added successfully
-> Setting = MyObjectBuilder_Refinery/LargeRefinery
->-> Setting added successfully
-> Setting = MyObjectBuilder_Refinery/Blast Furnace
->-> Setting added successfully
-> Setting = MyObjectBuilder_OxygenGenerator/(null)
->-> Setting added successfully
-> Setting = MyObjectBuilder_OxygenGenerator/OxygenGeneratorSmall
->-> Setting added successfully
-> Setting = MyObjectBuilder_Assembler/LargeAssembler
->-> Setting added successfully
-> Setting = MyObjectBuilder_Assembler/BasicAssembler
->-> Definition cannot be restricted
->-> Setting added successfully
-> Setting = MyObjectBuilder_SurvivalKit/SurvivalKitLarge
->-> Setting added successfully
-> Setting = MyObjectBuilder_SurvivalKit/SurvivalKit
->-> Setting added successfully
-> Setting = MyObjectBuilder_OxygenFarm/LargeBlockOxygenFarm
->-> Setting added successfully
-> Setting = MyObjectBuilder_UpgradeModule/LargeProductivityModule
->-> Setting added successfully
-> Setting = MyObjectBuilder_UpgradeModule/LargeEffectivenessModule
->-> Setting added successfully
-> Setting = MyObjectBuilder_UpgradeModule/LargeEnergyModule
->-> Setting added successfully
-> Setting = MyObjectBuilder_ExhaustBlock/SmallExhaustPipe
->-> Setting added successfully
-> Setting = MyObjectBuilder_ExhaustBlock/LargeExhaustPipe
->-> Setting added successfully
-> Setting = MyObjectBuilder_Cockpit/BuggyCockpit
->-> Setting added successfully
-> Setting = MyObjectBuilder_MotorSuspension/OffroadSuspension3x3
->-> Setting added successfully
-> Setting = MyObjectBuilder_MotorSuspension/OffroadSuspension5x5
->-> Setting added successfully
-> Setting = MyObjectBuilder_MotorSuspension/OffroadSuspension1x1
->-> Setting added successfully
-> Setting = MyObjectBuilder_MotorSuspension/OffroadSuspension2x2
->-> Setting added successfully
-> Setting = MyObjectBuilder_MotorSuspension/OffroadSmallSuspension3x3
->-> Setting added successfully
-> Setting = MyObjectBuilder_MotorSuspension/OffroadSmallSuspension5x5
->-> Setting added successfully
-> Setting = MyObjectBuilder_MotorSuspension/OffroadSmallSuspension1x1
->-> Setting added successfully
-> Setting = MyObjectBuilder_MotorSuspension/OffroadSmallSuspension2x2
->-> Setting added successfully
-> Setting = MyObjectBuilder_MotorSuspension/OffroadSuspension3x3mirrored
->-> Setting added successfully
-> Setting = MyObjectBuilder_MotorSuspension/OffroadSuspension5x5mirrored
->-> Setting added successfully
-> Setting = MyObjectBuilder_MotorSuspension/OffroadSuspension1x1mirrored
->-> Setting added successfully
-> Setting = MyObjectBuilder_MotorSuspension/OffroadSuspension2x2Mirrored
->-> Setting added successfully
-> Setting = MyObjectBuilder_MotorSuspension/OffroadSmallSuspension3x3mirrored
->-> Setting added successfully
-> Setting = MyObjectBuilder_MotorSuspension/OffroadSmallSuspension5x5mirrored
->-> Setting added successfully
-> Setting = MyObjectBuilder_MotorSuspension/OffroadSmallSuspension1x1mirrored
->-> Setting added successfully
-> Setting = MyObjectBuilder_MotorSuspension/OffroadSmallSuspension2x2Mirrored
->-> Setting added successfully
-> Setting = MyObjectBuilder_MotorSuspension/OffroadShortSuspension3x3
->-> Setting added successfully
-> Setting = MyObjectBuilder_MotorSuspension/OffroadShortSuspension5x5
->-> Setting added successfully
-> Setting = MyObjectBuilder_MotorSuspension/OffroadShortSuspension1x1
->-> Setting added successfully
-> Setting = MyObjectBuilder_MotorSuspension/OffroadShortSuspension2x2
->-> Setting added successfully
-> Setting = MyObjectBuilder_MotorSuspension/OffroadSmallShortSuspension3x3
->-> Setting added successfully
-> Setting = MyObjectBuilder_MotorSuspension/OffroadSmallShortSuspension5x5
->-> Setting added successfully
-> Setting = MyObjectBuilder_MotorSuspension/OffroadSmallShortSuspension1x1
->-> Setting added successfully
-> Setting = MyObjectBuilder_MotorSuspension/OffroadSmallShortSuspension2x2
->-> Setting added successfully
-> Setting = MyObjectBuilder_MotorSuspension/OffroadShortSuspension3x3mirrored
->-> Setting added successfully
-> Setting = MyObjectBuilder_MotorSuspension/OffroadShortSuspension5x5mirrored
->-> Setting added successfully
-> Setting = MyObjectBuilder_MotorSuspension/OffroadShortSuspension1x1mirrored
->-> Setting added successfully
-> Setting = MyObjectBuilder_MotorSuspension/OffroadShortSuspension2x2Mirrored
->-> Setting added successfully
-> Setting = MyObjectBuilder_MotorSuspension/OffroadSmallShortSuspension3x3mirrored
->-> Setting added successfully
-> Setting = MyObjectBuilder_MotorSuspension/OffroadSmallShortSuspension5x5mirrored
->-> Setting added successfully
-> Setting = MyObjectBuilder_MotorSuspension/OffroadSmallShortSuspension1x1mirrored
->-> Setting added successfully
-> Setting = MyObjectBuilder_MotorSuspension/OffroadSmallShortSuspension2x2Mirrored
->-> Setting added successfully
-> Setting = MyObjectBuilder_InteriorLight/OffsetLight
->-> Setting added successfully
-> Setting = MyObjectBuilder_ReflectorLight/OffsetSpotlight
->-> Setting added successfully
-> Setting = MyObjectBuilder_TextPanel/LargeLCDPanel5x5
->-> Setting added successfully
-> Setting = MyObjectBuilder_TextPanel/LargeLCDPanel5x3
->-> Setting added successfully
-> Setting = MyObjectBuilder_TextPanel/LargeLCDPanel3x3
->-> Setting added successfully
-> Setting = MyObjectBuilder_TerminalBlock/LargeBlockSciFiTerminal
->-> Setting added successfully
-> Setting = MyObjectBuilder_ButtonPanel/LargeSciFiButtonTerminal
->-> Setting added successfully
-> Setting = MyObjectBuilder_Door/SmallSideDoor
->-> Setting added successfully
-> Setting = MyObjectBuilder_ButtonPanel/LargeSciFiButtonPanel
->-> Setting added successfully
-> Setting = MyObjectBuilder_Thrust/SmallBlockSmallThrustSciFi
->-> Setting added successfully
-> Setting = MyObjectBuilder_Thrust/SmallBlockLargeThrustSciFi
->-> Setting added successfully
-> Setting = MyObjectBuilder_Thrust/LargeBlockSmallThrustSciFi
->-> Setting added successfully
-> Setting = MyObjectBuilder_Thrust/LargeBlockLargeThrustSciFi
->-> Setting added successfully
-> Setting = MyObjectBuilder_Thrust/LargeBlockLargeAtmosphericThrustSciFi
->-> Setting added successfully
-> Setting = MyObjectBuilder_Thrust/LargeBlockSmallAtmosphericThrustSciFi
->-> Setting added successfully
-> Setting = MyObjectBuilder_Thrust/SmallBlockLargeAtmosphericThrustSciFi
->-> Setting added successfully
-> Setting = MyObjectBuilder_Thrust/SmallBlockSmallAtmosphericThrustSciFi
->-> Setting added successfully
-> Setting = MyObjectBuilder_Thrust/SmallBlockSmallThrust
->-> Setting added successfully
-> Setting = MyObjectBuilder_Thrust/SmallBlockLargeThrust
->-> Setting added successfully
-> Setting = MyObjectBuilder_Thrust/LargeBlockSmallThrust
->-> Setting added successfully
-> Setting = MyObjectBuilder_Thrust/LargeBlockLargeThrust
->-> Setting added successfully
-> Setting = MyObjectBuilder_Thrust/LargeBlockLargeHydrogenThrust
->-> Setting added successfully
-> Setting = MyObjectBuilder_Thrust/LargeBlockSmallHydrogenThrust
->-> Setting added successfully
-> Setting = MyObjectBuilder_Thrust/SmallBlockLargeHydrogenThrust
->-> Setting added successfully
-> Setting = MyObjectBuilder_Thrust/SmallBlockSmallHydrogenThrust
->-> Setting added successfully
-> Setting = MyObjectBuilder_Thrust/LargeBlockLargeAtmosphericThrust
->-> Setting added successfully
-> Setting = MyObjectBuilder_Thrust/LargeBlockSmallAtmosphericThrust
->-> Setting added successfully
-> Setting = MyObjectBuilder_Thrust/SmallBlockLargeAtmosphericThrust
->-> Setting added successfully
-> Setting = MyObjectBuilder_Thrust/SmallBlockSmallAtmosphericThrust
->-> Setting added successfully
-> Setting = MyObjectBuilder_Thrust/LargeBlockLargeFlatAtmosphericThrust
->-> Setting added successfully
-> Setting = MyObjectBuilder_Thrust/LargeBlockLargeFlatAtmosphericThrustDShape
->-> Setting added successfully
-> Setting = MyObjectBuilder_Thrust/LargeBlockSmallFlatAtmosphericThrust
->-> Setting added successfully
-> Setting = MyObjectBuilder_Thrust/LargeBlockSmallFlatAtmosphericThrustDShape
->-> Setting added successfully
-> Setting = MyObjectBuilder_Thrust/SmallBlockLargeFlatAtmosphericThrust
->-> Setting added successfully
-> Setting = MyObjectBuilder_Thrust/SmallBlockLargeFlatAtmosphericThrustDShape
->-> Setting added successfully
-> Setting = MyObjectBuilder_Thrust/SmallBlockSmallFlatAtmosphericThrust
->-> Setting added successfully
-> Setting = MyObjectBuilder_Thrust/SmallBlockSmallFlatAtmosphericThrustDShape
->-> Setting added successfully
-> Setting = MyObjectBuilder_Drill/SmallBlockDrill
->-> Setting added successfully
-> Setting = MyObjectBuilder_Drill/LargeBlockDrill
->-> Setting added successfully
-> Setting = MyObjectBuilder_ShipGrinder/LargeShipGrinder
->-> Setting added successfully
-> Setting = MyObjectBuilder_ShipGrinder/SmallShipGrinder
->-> Setting added successfully
-> Setting = MyObjectBuilder_ShipWelder/LargeShipWelder
->-> Setting added successfully
-> Setting = MyObjectBuilder_ShipWelder/SmallShipWelder
->-> Setting added successfully
-> Setting = MyObjectBuilder_OreDetector/LargeOreDetector
->-> Setting added successfully
-> Setting = MyObjectBuilder_OreDetector/SmallBlockOreDetector
->-> Setting added successfully
-> Setting = MyObjectBuilder_LandingGear/LargeBlockLandingGear
->-> Setting added successfully
-> Setting = MyObjectBuilder_LandingGear/SmallBlockLandingGear
->-> Setting added successfully
-> Setting = MyObjectBuilder_LandingGear/LargeBlockSmallMagneticPlate
->-> Setting added successfully
-> Setting = MyObjectBuilder_LandingGear/SmallBlockSmallMagneticPlate
->-> Setting added successfully
-> Setting = MyObjectBuilder_JumpDrive/LargeJumpDrive
->-> Setting added successfully
-> Setting = MyObjectBuilder_CameraBlock/SmallCameraBlock
->-> Setting added successfully
-> Setting = MyObjectBuilder_CameraBlock/LargeCameraBlock
->-> Setting added successfully
-> Setting = MyObjectBuilder_MergeBlock/LargeShipMergeBlock
->-> Setting added successfully
-> Setting = MyObjectBuilder_MergeBlock/SmallShipMergeBlock
->-> Setting added successfully
-> Setting = MyObjectBuilder_MergeBlock/SmallShipSmallMergeBlock
->-> Setting added successfully
-> Setting = MyObjectBuilder_Parachute/LgParachute
->-> Setting added successfully
-> Setting = MyObjectBuilder_Parachute/SmParachute
->-> Setting added successfully
-> Setting = MyObjectBuilder_CargoContainer/LargeBlockWeaponRack
->-> Setting added successfully
-> Setting = MyObjectBuilder_CargoContainer/SmallBlockWeaponRack
->-> Setting added successfully
-> Setting = MyObjectBuilder_InteriorLight/PassageSciFiLight
->-> Setting added successfully
-> Setting = MyObjectBuilder_Cockpit/PassengerBench
->-> Setting added successfully
-> Setting = MyObjectBuilder_InteriorLight/LargeLightPanel
->-> Setting added successfully
-> Setting = MyObjectBuilder_InteriorLight/SmallLightPanel
->-> Setting added successfully
-> Setting = MyObjectBuilder_Reactor/LargeBlockSmallGeneratorWarfare2
->-> Setting added successfully
-> Setting = MyObjectBuilder_Reactor/LargeBlockLargeGeneratorWarfare2
->-> Setting added successfully
-> Setting = MyObjectBuilder_Reactor/SmallBlockSmallGeneratorWarfare2
->-> Setting added successfully
-> Setting = MyObjectBuilder_Reactor/SmallBlockLargeGeneratorWarfare2
->-> Setting added successfully
-> Setting = MyObjectBuilder_AirtightHangarDoor/AirtightHangarDoorWarfare2A
->-> Setting added successfully
-> Setting = MyObjectBuilder_AirtightHangarDoor/AirtightHangarDoorWarfare2B
->-> Setting added successfully
-> Setting = MyObjectBuilder_AirtightHangarDoor/AirtightHangarDoorWarfare2C
->-> Setting added successfully
-> Setting = MyObjectBuilder_SmallMissileLauncher/SmallMissileLauncherWarfare2
->-> Setting added successfully
-> Setting = MyObjectBuilder_SmallGatlingGun/SmallGatlingGunWarfare2
->-> Setting added successfully
-> Setting = MyObjectBuilder_BatteryBlock/LargeBlockBatteryBlockWarfare2
->-> Setting added successfully
-> Setting = MyObjectBuilder_BatteryBlock/SmallBlockBatteryBlockWarfare2
->-> Setting added successfully
-> Setting = MyObjectBuilder_Door/SlidingHatchDoor
->-> Setting added successfully
-> Setting = MyObjectBuilder_Door/SlidingHatchDoorHalf
->-> Setting added successfully
-> Setting = MyObjectBuilder_Searchlight/SmallSearchlight
->-> Setting added successfully
-> Setting = MyObjectBuilder_Searchlight/LargeSearchlight
->-> Setting added successfully
-> Setting = MyObjectBuilder_HeatVentBlock/LargeHeatVentBlock
->-> Setting added successfully
-> Setting = MyObjectBuilder_HeatVentBlock/SmallHeatVentBlock
->-> Setting added successfully
-> Setting = MyObjectBuilder_Cockpit/SmallBlockStandingCockpit
->-> Setting added successfully
-> Setting = MyObjectBuilder_Cockpit/LargeBlockStandingCockpit
->-> Setting added successfully
-> Setting = MyObjectBuilder_Thrust/SmallBlockSmallModularThruster
->-> Setting added successfully
-> Setting = MyObjectBuilder_Thrust/SmallBlockLargeModularThruster
->-> Setting added successfully
-> Setting = MyObjectBuilder_Thrust/LargeBlockSmallModularThruster
->-> Setting added successfully
-> Setting = MyObjectBuilder_Thrust/LargeBlockLargeModularThruster
->-> Setting added successfully
-> Setting = MyObjectBuilder_Warhead/LargeWarhead
->-> Setting added successfully
-> Setting = MyObjectBuilder_Warhead/SmallWarhead
->-> Setting added successfully
-> Setting = MyObjectBuilder_Decoy/LargeDecoy
->-> Setting added successfully
-> Setting = MyObjectBuilder_Decoy/SmallDecoy
->-> Setting added successfully
-> Setting = MyObjectBuilder_LargeGatlingTurret/(null)
->-> Setting added successfully
-> Setting = MyObjectBuilder_LargeGatlingTurret/SmallGatlingTurret
->-> Setting added successfully
-> Setting = MyObjectBuilder_LargeMissileTurret/(null)
->-> Setting added successfully
-> Setting = MyObjectBuilder_LargeMissileTurret/SmallMissileTurret
->-> Setting added successfully
-> Setting = MyObjectBuilder_InteriorTurret/LargeInteriorTurret
->-> Setting added successfully
-> Setting = MyObjectBuilder_SmallMissileLauncher/(null)
->-> Setting added successfully
-> Setting = MyObjectBuilder_SmallMissileLauncher/LargeMissileLauncher
->-> Setting added successfully
-> Setting = MyObjectBuilder_SmallMissileLauncherReload/SmallRocketLauncherReload
->-> Setting added successfully
-> Setting = MyObjectBuilder_SmallGatlingGun/(null)
->-> Setting added successfully
-> Setting = MyObjectBuilder_SmallGatlingGun/SmallBlockAutocannon
->-> Setting added successfully
-> Setting = MyObjectBuilder_SmallMissileLauncherReload/SmallBlockMediumCalibreGun
->-> Setting added successfully
-> Setting = MyObjectBuilder_SmallMissileLauncher/LargeBlockLargeCalibreGun
->-> Setting added successfully
-> Setting = MyObjectBuilder_ConveyorSorter/LargeRailgun
->-> Setting added successfully
-> Setting = MyObjectBuilder_ConveyorSorter/SmallRailgun
->-> Setting added successfully
-> Setting = MyObjectBuilder_LargeMissileTurret/LargeCalibreTurret
->-> Setting added successfully
-> Setting = MyObjectBuilder_LargeMissileTurret/LargeBlockMediumCalibreTurret
->-> Setting added successfully
-> Setting = MyObjectBuilder_LargeMissileTurret/SmallBlockMediumCalibreTurret
->-> Setting added successfully
-> Setting = MyObjectBuilder_LargeMissileTurret/AutoCannonTurret
->-> Setting added successfully
-> Setting = MyObjectBuilder_SmallMissileLauncher/LargeFlareLauncher
->-> Setting added successfully
-> Setting = MyObjectBuilder_SmallMissileLauncher/SmallFlareLauncher
->-> Setting added successfully
-> Setting = MyObjectBuilder_MotorSuspension/Suspension3x3
->-> Setting added successfully
-> Setting = MyObjectBuilder_MotorSuspension/Suspension5x5
->-> Setting added successfully
-> Setting = MyObjectBuilder_MotorSuspension/Suspension1x1
->-> Setting added successfully
-> Setting = MyObjectBuilder_MotorSuspension/Suspension2x2
->-> Setting added successfully
-> Setting = MyObjectBuilder_MotorSuspension/SmallSuspension3x3
->-> Setting added successfully
-> Setting = MyObjectBuilder_MotorSuspension/SmallSuspension5x5
->-> Setting added successfully
-> Setting = MyObjectBuilder_MotorSuspension/SmallSuspension1x1
->-> Setting added successfully
-> Setting = MyObjectBuilder_MotorSuspension/SmallSuspension2x2
->-> Setting added successfully
-> Setting = MyObjectBuilder_MotorSuspension/Suspension3x3mirrored
->-> Setting added successfully
-> Setting = MyObjectBuilder_MotorSuspension/Suspension5x5mirrored
->-> Setting added successfully
-> Setting = MyObjectBuilder_MotorSuspension/Suspension1x1mirrored
->-> Setting added successfully
-> Setting = MyObjectBuilder_MotorSuspension/Suspension2x2Mirrored
->-> Setting added successfully
-> Setting = MyObjectBuilder_MotorSuspension/SmallSuspension3x3mirrored
->-> Setting added successfully
-> Setting = MyObjectBuilder_MotorSuspension/SmallSuspension5x5mirrored
->-> Setting added successfully
-> Setting = MyObjectBuilder_MotorSuspension/SmallSuspension1x1mirrored
->-> Setting added successfully
-> Setting = MyObjectBuilder_MotorSuspension/SmallSuspension2x2Mirrored
->-> Setting added successfully
-> Setting = MyObjectBuilder_MotorSuspension/ShortSuspension3x3
->-> Setting added successfully
-> Setting = MyObjectBuilder_MotorSuspension/ShortSuspension5x5
->-> Setting added successfully
-> Setting = MyObjectBuilder_MotorSuspension/ShortSuspension1x1
->-> Setting added successfully
-> Setting = MyObjectBuilder_MotorSuspension/ShortSuspension2x2
->-> Setting added successfully
-> Setting = MyObjectBuilder_MotorSuspension/SmallShortSuspension3x3
->-> Setting added successfully
-> Setting = MyObjectBuilder_MotorSuspension/SmallShortSuspension5x5
->-> Setting added successfully
-> Setting = MyObjectBuilder_MotorSuspension/SmallShortSuspension1x1
->-> Setting added successfully
-> Setting = MyObjectBuilder_MotorSuspension/SmallShortSuspension2x2
->-> Setting added successfully
-> Setting = MyObjectBuilder_MotorSuspension/ShortSuspension3x3mirrored
->-> Setting added successfully
-> Setting = MyObjectBuilder_MotorSuspension/ShortSuspension5x5mirrored
->-> Setting added successfully
-> Setting = MyObjectBuilder_MotorSuspension/ShortSuspension1x1mirrored
->-> Setting added successfully
-> Setting = MyObjectBuilder_MotorSuspension/ShortSuspension2x2Mirrored
->-> Setting added successfully
-> Setting = MyObjectBuilder_MotorSuspension/SmallShortSuspension3x3mirrored
->-> Setting added successfully
-> Setting = MyObjectBuilder_MotorSuspension/SmallShortSuspension5x5mirrored
->-> Setting added successfully
-> Setting = MyObjectBuilder_MotorSuspension/SmallShortSuspension1x1mirrored
->-> Setting added successfully
-> Setting = MyObjectBuilder_MotorSuspension/SmallShortSuspension2x2Mirrored
->-> Setting added successfully
-> Setting = MyObjectBuilder_LargeMissileTurret/15cmTbtsKC36
->-> Unable to retrieve MyCubeBlockDefinition
-> Setting = MyObjectBuilder_LargeMissileTurret/127mmMk32
->-> Unable to retrieve MyCubeBlockDefinition
-> Setting = MyObjectBuilder_LargeMissileTurret/127mmMk12
->-> Setting added successfully
-> Setting = MyObjectBuilder_LargeMissileTurret/127mmMk24
->-> Unable to retrieve MyCubeBlockDefinition
-> Setting = MyObjectBuilder_LargeMissileTurret/6InchTriple
->-> Unable to retrieve MyCubeBlockDefinition
-> Setting = MyObjectBuilder_LargeMissileTurret/16InchTriple
->-> Unable to retrieve MyCubeBlockDefinition
-> Setting = MyObjectBuilder_LargeMissileTurret/381mmDualR
->-> Unable to retrieve MyCubeBlockDefinition
-> Setting = MyObjectBuilder_LargeMissileTurret/381mmDualNR
->-> Unable to retrieve MyCubeBlockDefinition
-> Setting = MyObjectBuilder_LargeMissileTurret/15cmSKC28R
->-> Unable to retrieve MyCubeBlockDefinition
-> Setting = MyObjectBuilder_LargeMissileTurret/15cmSKC28NR
->-> Unable to retrieve MyCubeBlockDefinition
-> Setting = MyObjectBuilder_LargeMissileTurret/380mmMLE1935
->-> Unable to retrieve MyCubeBlockDefinition
-> Setting = MyObjectBuilder_ConveyorSorter/105mmTwin
->-> Setting added successfully
-> Setting = MyObjectBuilder_ConveyorSorter/150mmCasemate
->-> Unable to retrieve MyCubeBlockDefinition
-> Setting = MyObjectBuilder_ConveyorSorter/150mmCasemateTwin
->-> Unable to retrieve MyCubeBlockDefinition
-> Setting = MyObjectBuilder_ConveyorSorter/203mmQuad
->-> Unable to retrieve MyCubeBlockDefinition
-> Setting = MyObjectBuilder_ConveyorSorter/203mmTwin
->-> Unable to retrieve MyCubeBlockDefinition
-> Setting = MyObjectBuilder_ConveyorSorter/406alternate
->-> Setting added successfully
-> Setting = MyObjectBuilder_ConveyorSorter/20InchTwin
->-> Setting added successfully
-> Setting = MyObjectBuilder_ConveyorSorter/127mmMk56
->-> Unable to retrieve MyCubeBlockDefinition
-> Setting = MyObjectBuilder_ConveyorSorter/BoforSingleRemodel
->-> Setting added successfully
-> Setting = MyObjectBuilder_ConveyorSorter/BoforTwinRemodel
->-> Setting added successfully
-> Setting = MyObjectBuilder_ConveyorSorter/Mk25Rangefinder
->-> Setting added successfully
-> Setting = MyObjectBuilder_ConveyorSorter/PomPomMain
->-> Setting added successfully
-> Setting = MyObjectBuilder_ConveyorSorter/QuadBofor
->-> Setting added successfully
-> Setting = MyObjectBuilder_ConveyorSorter/TorpBarbette
->-> Setting added successfully
-> Setting = MyObjectBuilder_UpgradeModule/SmallLargeBlockUpgrade
->-> Setting added successfully
-> Setting = MyObjectBuilder_UpgradeModule/LargeLargeBlockUpgrade
->-> Setting added successfully
-> Setting = MyObjectBuilder_MotorAdvancedStator/TRR_5x5x1_TR_Stator
->-> Setting added successfully
-> Setting = MyObjectBuilder_MotorAdvancedStator/TRR_7x7x1_TR_Stator
->-> Setting added successfully
-> Setting = MyObjectBuilder_MotorAdvancedStator/TRR_9x9x1_TR_Stator
->-> Setting added successfully
-> Setting = MyObjectBuilder_MotorAdvancedStator/TRR_11x11x1_TR_Stator
->-> Setting added successfully
-> Setting = MyObjectBuilder_MotorAdvancedStator/TRR_LG_5x5x1_TR_Stator
->-> Setting added successfully
-> Setting = MyObjectBuilder_MotorAdvancedStator/TRR_LG_7x7x1_TR_Stator
->-> Setting added successfully
-> Setting = MyObjectBuilder_MotorAdvancedStator/TRR_LG_9x9x1_TR_Stator
->-> Setting added successfully
-> Setting = MyObjectBuilder_MotorAdvancedStator/TRR_LG_11x11x1_TR_Stator
->-> Setting added successfully
-> Setting = MyObjectBuilder_MotorAdvancedStator/TRR_LG_to_SG_Stator_5x5_H
->-> Setting added successfully
-> Setting = MyObjectBuilder_MotorAdvancedStator/TRR_LG_to_SG_Stator_5x5_L
->-> Setting added successfully
-> Setting = MyObjectBuilder_MotorAdvancedStator/TRR_LG_to_SG_Stator_7x7_H
->-> Setting added successfully
-> Setting = MyObjectBuilder_MotorAdvancedStator/TRR_LG_to_SG_Stator_7x7_L
->-> Setting added successfully
-> Setting = MyObjectBuilder_MotorAdvancedStator/TRR_LG_to_SG_Stator_9x9_H
->-> Setting added successfully
-> Setting = MyObjectBuilder_MotorAdvancedStator/TRR_LG_to_SG_Stator_9x9_L
->-> Setting added successfully
-> Setting = MyObjectBuilder_MotorAdvancedStator/TRR_LG_to_SG_Stator_11x11_H
->-> Setting added successfully
-> Setting = MyObjectBuilder_MotorAdvancedStator/TRR_LG_to_SG_Stator_11x11_L
->-> Setting added successfully
-> Setting = MyObjectBuilder_ConveyorSorter/DualSnubLaserTurret
->-> Setting added successfully
-> Setting = MyObjectBuilder_ConveyorSorter/DualPulseLaserTurret
->-> Setting added successfully
-> Setting = MyObjectBuilder_ConveyorSorter/APE_Strong
->-> Setting added successfully
-> Setting = MyObjectBuilder_ConveyorSorter/B8T_Flare
->-> Unable to retrieve MyCubeBlockDefinition
-> Setting = MyObjectBuilder_ConveyorSorter/DualBarrelArtillery
->-> Unable to retrieve MyCubeBlockDefinition
-> Setting = MyObjectBuilder_ConveyorSorter/Assault_Coil_Turret
->-> Setting added successfully
-> Setting = MyObjectBuilder_ConveyorSorter/Null_Point_Jump_Disruptor_Large
->-> Unable to retrieve MyCubeBlockDefinition
-> Setting = MyObjectBuilder_ConveyorSorter/K_HSR_Utilities_Reactor_Gel_LG
->-> Unable to retrieve MyCubeBlockDefinition
-> Setting = MyObjectBuilder_ConveyorSorter/X4_7x7_HeavyTurret
->-> Setting added successfully
-> Setting = MyObjectBuilder_ConveyorSorter/Devastator_Torp
->-> Setting added successfully
-> Setting = MyObjectBuilder_ConveyorSorter/GoalieCasemate
->-> Setting added successfully
-> Setting = MyObjectBuilder_ConveyorSorter/HeavyLanceBattery
->-> Unable to retrieve MyCubeBlockDefinition
-> Setting = MyObjectBuilder_ConveyorSorter/HadeanPlasmaBlastgun
->-> Setting added successfully
-> Setting = MyObjectBuilder_ConveyorSorter/DrunkRocketTurret
->-> Setting added successfully
-> Setting = MyObjectBuilder_ConveyorSorter/KreegMagnetarCannon
->-> Setting added successfully
-> Setting = MyObjectBuilder_ConveyorSorter/HeavyFighterBay
->-> Setting added successfully
-> Setting = MyObjectBuilder_ConveyorSorter/Priest_Block
->-> Setting added successfully
-> Setting = MyObjectBuilder_ConveyorSorter/PriestReskin_Block
->-> Setting added successfully
-> Setting = MyObjectBuilder_ConveyorSorter/Reaver_Coilgun_Block
->-> Unable to retrieve MyCubeBlockDefinition
-> Setting = MyObjectBuilder_ConveyorSorter/Thagomizer
->-> Setting added successfully
-> Setting = MyObjectBuilder_ConveyorSorter/Thagomizer_Flipped
->-> Setting added successfully
-> Setting = MyObjectBuilder_ConveyorSorter/Thagomizer_Angled
->-> Setting added successfully
-> Setting = MyObjectBuilder_ConveyorSorter/Thagomizer_Angled_Flipped
->-> Setting added successfully
-> Setting = MyObjectBuilder_ConveyorSorter/HeavyCarronade_5x5_Turret
->-> Setting added successfully
-> Setting = MyObjectBuilder_ConveyorSorter/UnguidedRocketTurret
->-> Setting added successfully
-> Setting = MyObjectBuilder_ConveyorSorter/NavalHeavyGaussRifle
->-> Setting added successfully
-> Setting = MyObjectBuilder_LargeMissileTurret/QuadBarrelAutocannon
->-> Unable to retrieve MyCubeBlockDefinition
-> Setting = MyObjectBuilder_ConveyorSorter/Fixed_Rockets
->-> Unable to retrieve MyCubeBlockDefinition
-> Setting = MyObjectBuilder_ConveyorSorter/Type17_BeamLance
->-> Unable to retrieve MyCubeBlockDefinition
-> Setting = MyObjectBuilder_ConveyorSorter/Type18_Artillery
->-> Setting added successfully
-> Setting = MyObjectBuilder_ConveyorSorter/Type19_Driver
->-> Setting added successfully
-> Setting = MyObjectBuilder_ConveyorSorter/Type21_Artillery
->-> Setting added successfully
-> Setting = MyObjectBuilder_ConveyorSorter/Type22_Driver
->-> Setting added successfully
-> Setting = MyObjectBuilder_ConveyorSorter/Type24_Artillery
->-> Setting added successfully
-> Setting = MyObjectBuilder_ConveyorSorter/Type25_Driver
->-> Setting added successfully
-> Setting = MyObjectBuilder_LargeMissileTurret/VindicatorKineticLance
->-> Setting added successfully
-> Setting = MyObjectBuilder_ConveyorSorter/K_SA_Launcher_VI
->-> Setting added successfully
-> Setting = MyObjectBuilder_ConveyorSorter/K_SA_Launcher_VIV
->-> Setting added successfully
-> Setting = MyObjectBuilder_ConveyorSorter/MA_AC150
->-> Setting added successfully
-> Setting = MyObjectBuilder_ConveyorSorter/MA_AC150_30
->-> Setting added successfully
-> Setting = MyObjectBuilder_ConveyorSorter/MA_AC150_45
->-> Setting added successfully
-> Setting = MyObjectBuilder_ConveyorSorter/MA_AC150_Gantry
->-> Setting added successfully
-> Setting = MyObjectBuilder_ConveyorSorter/MA_AC150_45_Gantry
->-> Setting added successfully
-> Setting = MyObjectBuilder_ConveyorSorter/MA_Guardian
->-> Setting added successfully
-> Setting = MyObjectBuilder_ConveyorSorter/MA_Gladius
->-> Setting added successfully
-> Setting = MyObjectBuilder_ConveyorSorter/MA_PDX
->-> Setting added successfully
-> Setting = MyObjectBuilder_ConveyorSorter/MA_T2PDX
->-> Setting added successfully
-> Setting = MyObjectBuilder_ConveyorSorter/MA_T2PDX_Slope
->-> Setting added successfully
-> Setting = MyObjectBuilder_ConveyorSorter/MA_T2PDX_Slope2
->-> Setting added successfully
-> Setting = MyObjectBuilder_ConveyorSorter/MA_Gimbal_Laser_Armored
->-> Setting added successfully
-> Setting = MyObjectBuilder_ConveyorSorter/MA_Gimbal_Laser_Armored_Slope
->-> Setting added successfully
-> Setting = MyObjectBuilder_ConveyorSorter/MA_Gimbal_Laser_Armored_Slope2
->-> Setting added successfully
-> Setting = MyObjectBuilder_ConveyorSorter/MA_Gimbal_Laser_Armored_Slope45
->-> Setting added successfully
-> Setting = MyObjectBuilder_ConveyorSorter/MA_Gimbal_Laser
->-> Setting added successfully
-> Setting = MyObjectBuilder_ConveyorSorter/MA_Gimbal_Laser_T2
->-> Setting added successfully
-> Setting = MyObjectBuilder_ConveyorSorter/MA_Gimbal_Laser_T2_Armored
->-> Setting added successfully
-> Setting = MyObjectBuilder_ConveyorSorter/MA_Gimbal_Laser_T2_Armored_Slope
->-> Setting added successfully
-> Setting = MyObjectBuilder_ConveyorSorter/MA_Gimbal_Laser_T2_Armored_Slope2
->-> Setting added successfully
-> Setting = MyObjectBuilder_ConveyorSorter/MA_Gimbal_Laser_T2_Armored_Slope45
->-> Setting added successfully
-> Setting = MyObjectBuilder_InteriorLight/MA_Interior_Light
->-> Setting added successfully
-> Setting = MyObjectBuilder_ConveyorSorter/MA_Fixed_T2
->-> Setting added successfully
-> Setting = MyObjectBuilder_ConveyorSorter/MA_Fixed_T2_Naked
->-> Setting added successfully
-> Setting = MyObjectBuilder_ConveyorSorter/MA_Fixed_T3
->-> Setting added successfully
-> Setting = MyObjectBuilder_ConveyorSorter/MA_Meatball
->-> Setting added successfully
-> Setting = MyObjectBuilder_ConveyorSorter/MA_Blister
->-> Setting added successfully
-> Setting = MyObjectBuilder_ConveyorSorter/MA_Blister_sm
->-> Setting added successfully
-> Setting = MyObjectBuilder_ConveyorSorter/MA_Blister45
->-> Setting added successfully
-> Setting = MyObjectBuilder_ConveyorSorter/MA_Blister45_sm
->-> Setting added successfully
-> Setting = MyObjectBuilder_ConveyorSorter/MA_Blister30
->-> Setting added successfully
-> Setting = MyObjectBuilder_ConveyorSorter/MA_Blister32
->-> Setting added successfully
-> Setting = MyObjectBuilder_ConveyorSorter/MA_Blister32_sm
->-> Setting added successfully
-> Setting = MyObjectBuilder_ConveyorSorter/MA_Derecho
->-> Setting added successfully
-> Setting = MyObjectBuilder_ConveyorSorter/MA_Derecho_sm
->-> Setting added successfully
-> Setting = MyObjectBuilder_ConveyorSorter/MA_Tiger
->-> Setting added successfully
-> Setting = MyObjectBuilder_ConveyorSorter/MA_Crouching_Tiger
->-> Setting added successfully
-> Setting = MyObjectBuilder_ConveyorSorter/65_Launcher_FixedMount
->-> Setting added successfully
-> Setting = MyObjectBuilder_ConveyorSorter/Hellfire_Laser_Block
->-> Setting added successfully
-> Setting = MyObjectBuilder_ConveyorSorter/K_SA_LoW_CapitalSpinalA
->-> Setting added successfully
-> Setting = MyObjectBuilder_ConveyorSorter/K_SA_HeavyMetal_Gauss_A
->-> Setting added successfully
-> Setting = MyObjectBuilder_ConveyorSorter/K_SA_HeavyMetal_Gauss_ERII
->-> Setting added successfully
-> Setting = MyObjectBuilder_ConveyorSorter/K_SA_HeavyMetal_Gauss_PGBC
->-> Setting added successfully
-> Setting = MyObjectBuilder_ConveyorSorter/K_SA_HeavyMetal_Gauss_ERFM
->-> Setting added successfully
-> Setting = MyObjectBuilder_ConveyorSorter/K_SA_HeavyMetal_Spinal_Rotary
->-> Setting added successfully
-> Setting = MyObjectBuilder_ConveyorSorter/K_SA_HeavyMetal_Spinal_Rotary_Reskin
->-> Setting added successfully
-> Setting = MyObjectBuilder_ConveyorSorter/K_SA_Launcher_FixedMountv2
->-> Setting added successfully
-> Setting = MyObjectBuilder_ConveyorSorter/SA_HMI_Erebos
->-> Setting added successfully
-> Setting = MyObjectBuilder_ConveyorSorter/K_SA_Gauss_APC
->-> Setting added successfully
-> Setting = MyObjectBuilder_ConveyorSorter/K_SA_Gauss_ERC
->-> Setting added successfully
-> Setting = MyObjectBuilder_ConveyorSorter/SC_RCS_Computer
->-> Setting added successfully
-> Setting = MyObjectBuilder_ConveyorSorter/SC_RCS_Computer_small
->-> Setting added successfully
-> Setting = MyObjectBuilder_ConveyorSorter/TaiidanRailBomber
->-> Setting added successfully
-> Setting = MyObjectBuilder_ConveyorSorter/TaiidanRailFighter
->-> Setting added successfully
-> Setting = MyObjectBuilder_ConveyorSorter/TaiidanHangarBomber
->-> Setting added successfully
-> Setting = MyObjectBuilder_ConveyorSorter/TaiidanHangarBomberMedium
->-> Setting added successfully
-> Setting = MyObjectBuilder_ConveyorSorter/TaiidanHangarFighter
->-> Setting added successfully
-> Setting = MyObjectBuilder_ConveyorSorter/TaiidanSingleHangar
->-> Setting added successfully
-> Setting = MyObjectBuilder_ConveyorSorter/ADMTaiidanHangarFighter
->-> Setting added successfully
-> Setting = MyObjectBuilder_ConveyorSorter/ADMTaiidanHangarBomber
->-> Setting added successfully
-> Setting = MyObjectBuilder_ConveyorSorter/banshee
->-> Setting added successfully
-> Setting = MyObjectBuilder_ConveyorSorter/longsword
->-> Setting added successfully
-> Setting = MyObjectBuilder_SoundBlock/ChetsMagicMusicBox
->-> Setting added successfully
-> Setting = MyObjectBuilder_ConveyorSorter/DisabledHakkeroBeam
->-> Setting added successfully
-> Setting = MyObjectBuilder_ConveyorSorter/DisabledHakkeroBeamMini
->-> Setting added successfully
-> Setting = MyObjectBuilder_ConveyorSorter/DisabledHakkeroProjectile
->-> Setting added successfully
-> Setting = MyObjectBuilder_ConveyorSorter/DisabledHakkeroProjectileMini
->-> Setting added successfully
-> Setting = MyObjectBuilder_ConveyorSorter/Hexcannon
->-> Setting added successfully
-> Setting = MyObjectBuilder_RadioAntenna/SC1x1Antenna
->-> Setting added successfully
-> Setting = MyObjectBuilder_Collector/BlinkDriveLarge
->-> Setting added successfully
-> Setting = MyObjectBuilder_Collector/SC_PowerControlSystem_L
->-> Setting added successfully
-> Setting = MyObjectBuilder_Collector/SC_PowerControlSystem_S
->-> Setting added successfully
-> Setting = MyObjectBuilder_Thrust/AWGFocusDrive
->-> Setting added successfully
-> Setting = MyObjectBuilder_Thrust/IonHeavyCovered
->-> Setting added successfully
-> Setting = MyObjectBuilder_Thrust/DampeningEnhancer_x2_Large
->-> Setting added successfully
-> Setting = MyObjectBuilder_Thrust/HugeHydrogenThruster
->-> Setting added successfully
-> Setting = MyObjectBuilder_BatteryBlock/EntityCover
->-> Setting added successfully
-> Setting = MyObjectBuilder_BatteryBlock/EntityCover2
->-> Setting added successfully
-> Setting = MyObjectBuilder_BatteryBlock/EntityCover3
->-> Setting added successfully
-> Setting = MyObjectBuilder_BatteryBlock/EntityCover4
->-> Setting added successfully
-> Setting = MyObjectBuilder_BatteryBlock/EntityCoverEveFreighter
->-> Setting added successfully
-> Setting = MyObjectBuilder_BatteryBlock/EntityCover4RED
->-> Setting added successfully
-> Setting = MyObjectBuilder_BatteryBlock/EntityCover4BLU
->-> Setting added successfully
-> Setting = MyObjectBuilder_BatteryBlock/EntityCoverColor
->-> Setting added successfully
-> Setting = MyObjectBuilder_BatteryBlock/EntityCoverFractal
->-> Setting added successfully
-> Setting = MyObjectBuilder_BatteryBlock/EntityCoverEVEDepot
->-> Setting added successfully
-> Setting = MyObjectBuilder_BatteryBlock/EntityCoverSatellite
->-> Setting added successfully
-> Setting = MyObjectBuilder_Collector/SI_Field_Gen
->-> Setting added successfully
-> Setting = MyObjectBuilder_Decoy/LargeDecoy_MetalFoam
->-> Setting added successfully
-> Setting = MyObjectBuilder_MyProgrammableBlock/6SidePB
->-> Setting added successfully
-> Setting = MyObjectBuilder_VendingMachine/FoodDispenser
->-> Setting added successfully
-> Setting = MyObjectBuilder_Jukebox/Jukebox
->-> Setting added successfully
-> Setting = MyObjectBuilder_TextPanel/TransparentLCDLarge
->-> Setting added successfully
-> Setting = MyObjectBuilder_TextPanel/TransparentLCDSmall
->-> Setting added successfully
-> Setting = MyObjectBuilder_ReflectorLight/RotatingLightLarge
->-> Setting added successfully
-> Setting = MyObjectBuilder_ReflectorLight/RotatingLightSmall
->-> Setting added successfully
-> Setting = MyObjectBuilder_SolarPanel/LargeBlockColorableSolarPanel
->-> Setting added successfully
-> Setting = MyObjectBuilder_SolarPanel/LargeBlockColorableSolarPanelCorner
->-> Setting added successfully
-> Setting = MyObjectBuilder_SolarPanel/LargeBlockColorableSolarPanelCornerInverted
->-> Setting added successfully
-> Setting = MyObjectBuilder_SolarPanel/SmallBlockColorableSolarPanel
->-> Setting added successfully
-> Setting = MyObjectBuilder_SolarPanel/SmallBlockColorableSolarPanelCorner
->-> Setting added successfully
-> Setting = MyObjectBuilder_SolarPanel/SmallBlockColorableSolarPanelCornerInverted
->-> Setting added successfully
-> Setting = MyObjectBuilder_WindTurbine/LargeBlockWindTurbineReskin
->-> Setting added successfully
-> Setting = MyObjectBuilder_Beacon/LargeBlockBeaconReskin
->-> Setting added successfully
-> Setting = MyObjectBuilder_Beacon/SmallBlockBeaconReskin
->-> Setting added successfully
-> Setting = MyObjectBuilder_TextPanel/HoloLCDLarge
->-> Setting added successfully
-> Setting = MyObjectBuilder_TextPanel/HoloLCDSmall
->-> Setting added successfully
-> Setting = MyObjectBuilder_MedicalRoom/LargeMedicalRoomReskin
->-> Setting added successfully
-> Setting = MyObjectBuilder_InteriorLight/LargeBlockInsetAquarium
->-> Setting added successfully
-> Setting = MyObjectBuilder_TextPanel/LargeFullBlockLCDPanel
->-> Setting added successfully
-> Setting = MyObjectBuilder_TextPanel/SmallFullBlockLCDPanel
->-> Setting added successfully
-> Setting = MyObjectBuilder_TextPanel/LargeDiagonalLCDPanel
->-> Setting added successfully
-> Setting = MyObjectBuilder_TextPanel/SmallDiagonalLCDPanel
->-> Setting added successfully
-> Setting = MyObjectBuilder_TextPanel/LargeCurvedLCDPanel
->-> Setting added successfully
-> Setting = MyObjectBuilder_TextPanel/SmallCurvedLCDPanel
->-> Setting added successfully
-> Setting = MyObjectBuilder_TerminalBlock/LargeCrate
->-> Setting added successfully
-> Setting = MyObjectBuilder_Warhead/LargeExplosiveBarrel
->-> Setting added successfully
-> Setting = MyObjectBuilder_Warhead/SmallExplosiveBarrel
->-> Setting added successfully
-> Setting = MyObjectBuilder_ButtonPanel/LargeBlockInsetButtonPanel
->-> Setting added successfully
-> Setting = MyObjectBuilder_Jukebox/LargeBlockInsetEntertainmentCorner
->-> Setting added successfully
-> Setting = MyObjectBuilder_CargoContainer/LargeBlockInsetBookshelf
->-> Setting added successfully
-> Setting = MyObjectBuilder_InteriorLight/LargeBlockInsetKitchen
->-> Setting added successfully
-> Setting = MyObjectBuilder_TerminalBlock/AirtightHangarDoorWarfare2A
->-> Setting added successfully
-> Setting = MyObjectBuilder_TerminalBlock/AirtightHangarDoorWarfare2B
->-> Setting added successfully
-> Setting = MyObjectBuilder_TerminalBlock/AirtightHangarDoorWarfare2C
->-> Setting added successfully
-> Setting = MyObjectBuilder_TerminalBlock/LargeBlockLargeIndustrialContainer
->-> Setting added successfully
-> Setting = MyObjectBuilder_TerminalBlock/SmallBlockSmallContainer
->-> Setting added successfully
-> Setting = MyObjectBuilder_TerminalBlock/SmallBlockMediumContainer
->-> Setting added successfully
-> Setting = MyObjectBuilder_TerminalBlock/SmallBlockLargeContainer
->-> Setting added successfully
-> Setting = MyObjectBuilder_TerminalBlock/LargeBlockSmallContainer
->-> Setting added successfully
-> Setting = MyObjectBuilder_TerminalBlock/LargeBlockLargeContainer
->-> Setting added successfully
-> Setting = MyObjectBuilder_ConveyorSorter/ERPPC
->-> Setting added successfully
-> Setting = MyObjectBuilder_ConveyorSorter/Starcore_PPC_Block
->-> Setting added successfully
-> Setting = MyObjectBuilder_ConveyorSorter/Starcore_M_Laser_Block
->-> Setting added successfully
-> Setting = MyObjectBuilder_ConveyorSorter/Starcore_L_Laser_Block
->-> Setting added successfully
-> Setting = MyObjectBuilder_ConveyorSorter/Starcore_AMS_I_Block
->-> Setting added successfully
-> Setting = MyObjectBuilder_ConveyorSorter/Starcore_AMS_II_Block
->-> Setting added successfully
-> Setting = MyObjectBuilder_ConveyorSorter/Starcore_AMS_Comm_Block
->-> Setting added successfully
-> Setting = MyObjectBuilder_ConveyorSorter/Starcore_Arrow_Block
->-> Setting added successfully
-> Setting = MyObjectBuilder_ConveyorSorter/MCRN_Heavy_Torpedo
->-> Setting added successfully
-> Setting = MyObjectBuilder_ConveyorSorter/UNN_Heavy_Torpedo
->-> Setting added successfully
-> Setting = MyObjectBuilder_ConveyorSorter/SC_Flare
->-> Setting added successfully
-> Setting = MyObjectBuilder_ConveyorSorter/ModularLRM5
->-> Setting added successfully
-> Setting = MyObjectBuilder_ConveyorSorter/ModularMiddleLRM5
->-> Setting added successfully
-> Setting = MyObjectBuilder_ConveyorSorter/ModularLRM5Angled
->-> Setting added successfully
-> Setting = MyObjectBuilder_ConveyorSorter/ModularLRM5AngledReversed
->-> Setting added successfully
-> Setting = MyObjectBuilder_ConveyorSorter/ModularMRM10
->-> Setting added successfully
-> Setting = MyObjectBuilder_ConveyorSorter/ModularMiddleMRM10
->-> Setting added successfully
-> Setting = MyObjectBuilder_ConveyorSorter/ModularMRM10Angled
->-> Setting added successfully
-> Setting = MyObjectBuilder_ConveyorSorter/ModularMRM10AngledReversed
->-> Setting added successfully
-> Setting = MyObjectBuilder_ConveyorSorter/ModularSRM8
->-> Setting added successfully
-> Setting = MyObjectBuilder_ConveyorSorter/SC_Radome
->-> Setting added successfully
-> Setting = MyObjectBuilder_ConveyorSorter/Starcore_RWR_Projectiles
->-> Setting added successfully
-> Setting = MyObjectBuilder_ConveyorSorter/Starcore_RWR_Asteroids
->-> Setting added successfully
-> Setting = MyObjectBuilder_ConveyorSorter/SC_AR_Afflictor
->-> Setting added successfully
-> Setting = MyObjectBuilder_ConveyorSorter/SC_AR_Afflictor_Slanted
->-> Setting added successfully
-> Setting = MyObjectBuilder_ConveyorSorter/SC_AR_Aries
->-> Unable to retrieve MyCubeBlockDefinition
-> Setting = MyObjectBuilder_ConveyorSorter/SC_AR_CataclysmicVariable
->-> Unable to retrieve MyCubeBlockDefinition
-> Setting = MyObjectBuilder_ConveyorSorter/SC_AR_Forager
->-> Setting added successfully
-> Setting = MyObjectBuilder_ConveyorSorter/SC_AR_LocusGleam
->-> Unable to retrieve MyCubeBlockDefinition
-> Setting = MyObjectBuilder_ConveyorSorter/SC_AR_Nimrod
->-> Unable to retrieve MyCubeBlockDefinition
-> Setting = MyObjectBuilder_ConveyorSorter/SC_AR_Phaethon
->-> Unable to retrieve MyCubeBlockDefinition
-> Setting = MyObjectBuilder_ConveyorSorter/SC_AR_Resheph
->-> Unable to retrieve MyCubeBlockDefinition
-> Setting = MyObjectBuilder_ConveyorSorter/SC_AR_Tumult
->-> Setting added successfully
-> Setting = MyObjectBuilder_ConveyorSorter/NHI_PD_Turret
->-> Setting added successfully
-> Setting = MyObjectBuilder_ConveyorSorter/NHI_PD_Turret_Half
->-> Setting added successfully
-> Setting = MyObjectBuilder_ConveyorSorter/NHI_PD_Turret_Half_Slope_Top
->-> Setting added successfully
-> Setting = MyObjectBuilder_ConveyorSorter/NHI_PD_Turret_Half_Slope_Tip
->-> Setting added successfully
-> Setting = MyObjectBuilder_ConveyorSorter/NHI_PD_Turret_45_Slope
->-> Setting added successfully
-> Setting = MyObjectBuilder_ConveyorSorter/NHI_Light_Autocannon_Turret
->-> Setting added successfully
-> Setting = MyObjectBuilder_ConveyorSorter/NHI_Autocannon_Turret
->-> Setting added successfully
-> Setting = MyObjectBuilder_ConveyorSorter/NHI_Gatling_Laser_Turret
->-> Setting added successfully
-> Setting = MyObjectBuilder_ConveyorSorter/NHI_Light_Railgun_Turret
->-> Setting added successfully
-> Setting = MyObjectBuilder_ConveyorSorter/NHI_Heavy_Railgun_Turret
->-> Setting added successfully
-> Setting = MyObjectBuilder_ConveyorSorter/NHI_Heavy_Gun_Turret
->-> Setting added successfully
-> Setting = MyObjectBuilder_ConveyorSorter/NHI_Mk3_Cannon_Turret
->-> Setting added successfully
-> Setting = MyObjectBuilder_ConveyorSorter/NHI_Mk3_Cannon_Surface_Turret
->-> Setting added successfully
-> Setting = MyObjectBuilder_ConveyorSorter/NHI_Mk2_Cannon_Turret
->-> Setting added successfully
-> Setting = MyObjectBuilder_ConveyorSorter/NHI_Mk2_Cannon_Surface_Turret
->-> Setting added successfully
-> Setting = MyObjectBuilder_ConveyorSorter/NHI_Mk1_Cannon_Turret
->-> Setting added successfully
-> Setting = MyObjectBuilder_ConveyorSorter/NHI_Mk1_Cannon_Surface_Turret
->-> Setting added successfully
-> Setting = MyObjectBuilder_ConveyorSorter/NHI_Fixed_Torpedo_Launcher
->-> Setting added successfully
-> Setting = MyObjectBuilder_ConveyorSorter/NHI_Fixed_Utility_Launcher
->-> Setting added successfully
-> Setting = MyObjectBuilder_ConveyorSorter/NHI_Fixed_Missile_Battery
->-> Setting added successfully
-> Setting = MyObjectBuilder_ConveyorSorter/EXP_Spinal_Ion_Cannon
->-> Setting added successfully
-> Setting = MyObjectBuilder_ConveyorSorter/NHI_Fixed_Autocannon
->-> Setting added successfully
-> Setting = MyObjectBuilder_ConveyorSorter/NHI_Fixed_Light_Autocannon
->-> Setting added successfully
-> Setting = MyObjectBuilder_ConveyorSorter/NHI_Fixed_Gatling_Laser
->-> Setting added successfully
-> Setting = MyObjectBuilder_ConveyorSorter/NHI_Fixed_Light_Gatling_Laser
->-> Setting added successfully
-> Setting = MyObjectBuilder_ConveyorSorter/NHI_Flak_Cannon_Turret
->-> Setting added successfully
-> Setting = MyObjectBuilder_ConveyorSorter/NHI_Plasma_Turret
->-> Setting added successfully
-> Setting = MyObjectBuilder_ConveyorSorter/EXP_Fission_Beam_Turret
->-> Setting added successfully
-> Setting = MyObjectBuilder_ConveyorSorter/EXP_BFG_Ammo_Cannon
->-> Setting added successfully
-> Setting = MyObjectBuilder_ConveyorSorter/EXP_Horizon_Mine_Launcher
->-> Setting added successfully
-> Setting = MyObjectBuilder_ConveyorSorter/EXP_Fixed_Scattergun
->-> Setting added successfully
-> Setting = MyObjectBuilder_ConveyorSorter/NHI_Kinetic_Cannon_Turret
->-> Setting added successfully
-> Setting = MyObjectBuilder_ConveyorSorter/SC_Coil_Cannon
->-> Setting added successfully
-> Setting = MyObjectBuilder_ConveyorSorter/SC_COV_Plasma_Turret
->-> Setting added successfully
-> Setting = MyObjectBuilder_Gyro/MAR_Gyro_Half
->-> Setting added successfully
-> Setting = MyObjectBuilder_MotorAdvancedStator/MAR_1x1x1_AR_DualHead_Stator
->-> Setting added successfully
-> Setting = MyObjectBuilder_MotorAdvancedStator/MAR_1x1x1_AR_Stator
->-> Setting added successfully
-> Setting = MyObjectBuilder_MotorAdvancedStator/MAR_2x1x1_AR_Stator_ADJ
->-> Setting added successfully
-> Setting = MyObjectBuilder_MotorAdvancedStator/MAR_2x1x1_AR_Dualhead_Stator_ADJ
->-> Setting added successfully
-> Setting = MyObjectBuilder_MotorAdvancedStator/MAR_1x1x1_AR_Half_Stator
->-> Setting added successfully
-> Setting = MyObjectBuilder_Gyro/MAR_LG_Gyro_Half
->-> Setting added successfully
-> Setting = MyObjectBuilder_MotorAdvancedStator/MAR_LG_1x1x1_AR_DualHead_Stator
->-> Setting added successfully
-> Setting = MyObjectBuilder_MotorAdvancedStator/MAR_LG_1x1x1_AR_Stator
->-> Setting added successfully
-> Setting = MyObjectBuilder_MotorAdvancedStator/MAR_LG_1x1x1_AR_Half_Stator
->-> Setting added successfully
-> Setting = MyObjectBuilder_MotorAdvancedStator/MAR_LG_2x1x1_AR_Stator_ADJ
->-> Setting added successfully
-> Setting = MyObjectBuilder_MotorAdvancedStator/MAR_LG_2x1x1_AR_Dualhead_Stator_ADJ
->-> Setting added successfully
-> Setting = MyObjectBuilder_ConveyorSorter/BALLER
->-> Setting added successfully
-> Setting = MyObjectBuilder_ConveyorSorter/MetalStorm
->-> Setting added successfully
-> Setting = MyObjectBuilder_ConveyorSorter/SLAM
->-> Setting added successfully
-> Setting = MyObjectBuilder_ConveyorSorter/AncientAfterburnerT40
->-> Setting added successfully
-> Setting = MyObjectBuilder_ConveyorSorter/AncientAfterburnerT41
->-> Setting added successfully
-> Setting = MyObjectBuilder_ConveyorSorter/AncientAfterburnerT42
->-> Setting added successfully
-> Setting = MyObjectBuilder_ConveyorSorter/AncientAfterburnerT42L
->-> Setting added successfully
-> Setting = MyObjectBuilder_ConveyorSorter/AncientAfterburnerT43
->-> Setting added successfully
-> Setting = MyObjectBuilder_ConveyorSorter/AncientAfterburnerT44
->-> Setting added successfully
-> Setting = MyObjectBuilder_ConveyorSorter/MA_Afterburner_Large_small
->-> Setting added successfully
-> Setting = MyObjectBuilder_ConveyorSorter/MA_Afterburner_Large
->-> Setting added successfully
-> Setting = MyObjectBuilder_ConveyorSorter/MA_Afterburner_Large_5x
->-> Setting added successfully
-> Setting = MyObjectBuilder_ConveyorSorter/Afterburner_LG_Ion_Large
->-> Setting added successfully
-> Setting = MyObjectBuilder_ConveyorSorter/SC_SRB
->-> Setting added successfully
-> Setting = MyObjectBuilder_ConveyorSorter/DETPAK
->-> Setting added successfully
-> Setting = MyObjectBuilder_ConveyorSorter/DETPAK_1x1
->-> Setting added successfully
-> Setting = MyObjectBuilder_ConveyorSorter/DETPAK_3x1
->-> Setting added successfully
-> Setting = MyObjectBuilder_ConveyorSorter/MA_SideBooster_Small
->-> Setting added successfully
-> Setting = MyObjectBuilder_CameraBlock/MA_Buster_Camera
->-> Setting added successfully
-> Setting = MyObjectBuilder_InteriorLight/MA_Buster_Passage_Crossing
->-> Setting added successfully
-> Setting = MyObjectBuilder_LargeGatlingTurret/LargeGatlingTurret_SC
->-> Setting added successfully
-> Setting = MyObjectBuilder_LargeMissileTurret/LargeBlockMediumCalibreTurret_SC
->-> Setting added successfully
-> Setting = MyObjectBuilder_LargeMissileTurret/LargeCalibreTurret_SC
->-> Setting added successfully
-> Setting = MyObjectBuilder_LargeMissileTurret/LargeMissileTurret_SC
->-> Setting added successfully
-> Setting = MyObjectBuilder_SmallMissileLauncher/LargeMissileLauncher_SC
->-> Setting added successfully
-> Setting = MyObjectBuilder_ConveyorSorter/LargeBlockLargeCalibreGun_SC
->-> Setting added successfully
-> Setting = MyObjectBuilder_ConveyorSorter/LargeRailgun_SC
->-> Setting added successfully
-> Setting = MyObjectBuilder_ConveyorSorter/HAS_Vulcan
->-> Unable to retrieve MyCubeBlockDefinition
-> Setting = MyObjectBuilder_ConveyorSorter/HAS_Crossfield
->-> Setting added successfully
-> Setting = MyObjectBuilder_ConveyorSorter/HAS_Thanatos
->-> Setting added successfully
-> Setting = MyObjectBuilder_ConveyorSorter/HAS_Mammon
->-> Setting added successfully
-> Setting = MyObjectBuilder_ConveyorSorter/HAS_MammonMK2
->-> Setting added successfully
-> Setting = MyObjectBuilder_ConveyorSorter/HAS_Nyx
->-> Setting added successfully
-> Setting = MyObjectBuilder_ConveyorSorter/HAS_Esper
->-> Setting added successfully
-> Setting = MyObjectBuilder_UpgradeModule/DSControlTable
->-> Setting added successfully
-> Setting = MyObjectBuilder_UpgradeModule/DSControlLarge
->-> Setting added successfully
-> Setting = MyObjectBuilder_UpgradeModule/DSControlSmall
->-> Setting added successfully
-> Setting = MyObjectBuilder_UpgradeModule/NPCControlLB
->-> Setting added successfully
-> Setting = MyObjectBuilder_UpgradeModule/NPCControlSB
->-> Setting added successfully
-> Setting = MyObjectBuilder_UpgradeModule/NPCEmitterLB
->-> Setting added successfully
-> Setting = MyObjectBuilder_UpgradeModule/NPCEmitterSB
->-> Setting added successfully
-> Setting = MyObjectBuilder_OxygenGenerator/DSSupergen
->-> Setting added successfully
-> Setting = MyObjectBuilder_UpgradeModule/EmitterL
->-> Setting added successfully
-> Setting = MyObjectBuilder_UpgradeModule/EmitterS
->-> Setting added successfully
-> Setting = MyObjectBuilder_UpgradeModule/EmitterST
->-> Setting added successfully
-> Setting = MyObjectBuilder_UpgradeModule/LargeShieldModulator
->-> Setting added successfully
-> Setting = MyObjectBuilder_UpgradeModule/SmallShieldModulator
->-> Setting added successfully
-> Setting = MyObjectBuilder_UpgradeModule/LargeEnhancer
->-> Setting added successfully
-> Setting = MyObjectBuilder_UpgradeModule/SmallEnhancer
->-> Setting added successfully
-> Setting = MyObjectBuilder_UpgradeModule/EmitterLA
->-> Setting added successfully
-> Setting = MyObjectBuilder_UpgradeModule/EmitterSA
->-> Setting added successfully
-> Setting = MyObjectBuilder_Collector/SELtdLargeNanobotBuildAndRepairSystem
->-> Setting added successfully
-> Setting = MyObjectBuilder_Collector/SELtdSmallNanobotBuildAndRepairSystem
->-> Setting added successfully
-> Setting = MyObjectBuilder_UpgradeModule/AQD_LG_GyroBooster
->-> Setting added successfully
-> Setting = MyObjectBuilder_UpgradeModule/AQD_SG_GyroBooster
->-> Setting added successfully
-> Setting = MyObjectBuilder_UpgradeModule/AQD_LG_GyroUpgrade
->-> Setting added successfully
-> Setting = MyObjectBuilder_Gyro/AQD_LG_LargeGyro
->-> Setting added successfully
-> Setting = MyObjectBuilder_InteriorLight/AQD_LG_SleekCorridor_StraightLight
->-> Setting added successfully
-> Setting = MyObjectBuilder_CargoContainer/AQD_LG_ConveyorAccess
->-> Setting added successfully
-> Setting = MyObjectBuilder_AirVent/AQD_LG_ConveyorVent
->-> Setting added successfully
-> Setting = MyObjectBuilder_Thrust/AQD_LG_AtmoThrusterL_Armored
->-> Setting added successfully
-> Setting = MyObjectBuilder_Thrust/AQD_LG_AtmoThrusterL_ArmoredSlope
->-> Setting added successfully
-> Setting = MyObjectBuilder_Thrust/AQD_LG_AtmoThrusterL_ArmoredSlopeRev
->-> Setting added successfully
-> Setting = MyObjectBuilder_Thrust/AQD_SG_AtmoThrusterL_Armored
->-> Setting added successfully
-> Setting = MyObjectBuilder_Thrust/AQD_SG_AtmoThrusterL_ArmoredSlope
->-> Setting added successfully
-> Setting = MyObjectBuilder_Thrust/AQD_SG_AtmoThrusterL_ArmoredSlopeRev
->-> Setting added successfully
-> Setting = MyObjectBuilder_Thrust/AQD_LG_AtmoThrusterS_Armored
->-> Setting added successfully
-> Setting = MyObjectBuilder_Thrust/AQD_LG_AtmoThrusterS_ArmoredSlope
->-> Setting added successfully
-> Setting = MyObjectBuilder_Thrust/AQD_LG_AtmoThrusterS_ArmoredSlopeRev
->-> Setting added successfully
-> Setting = MyObjectBuilder_Thrust/AQD_SG_AtmoThrusterS_Armored
->-> Setting added successfully
-> Setting = MyObjectBuilder_Thrust/AQD_SG_AtmoThrusterS_ArmoredSlope
->-> Setting added successfully
-> Setting = MyObjectBuilder_Thrust/AQD_SG_AtmoThrusterS_ArmoredSlopeRev
->-> Setting added successfully
-> Setting = MyObjectBuilder_Thrust/AQD_LG_HydroThrusterL_Armored
->-> Setting added successfully
-> Setting = MyObjectBuilder_Thrust/AQD_LG_HydroThrusterL_ArmoredSlope
->-> Setting added successfully
-> Setting = MyObjectBuilder_Thrust/AQD_SG_HydroThrusterL_Armored
->-> Setting added successfully
-> Setting = MyObjectBuilder_Thrust/AQD_SG_HydroThrusterL_ArmoredSlope
->-> Setting added successfully
-> Setting = MyObjectBuilder_Thrust/AQD_LG_HydroThrusterS_Armored
->-> Setting added successfully
-> Setting = MyObjectBuilder_Thrust/AQD_LG_HydroThrusterS_ArmoredSlope
->-> Setting added successfully
-> Setting = MyObjectBuilder_Thrust/AQD_SG_HydroThrusterS_Armored
->-> Setting added successfully
-> Setting = MyObjectBuilder_Thrust/AQD_SG_HydroThrusterS_ArmoredSlope
->-> Setting added successfully
-> Setting = MyObjectBuilder_Thrust/AQD_LG_IonThrusterL_Armored
->-> Setting added successfully
-> Setting = MyObjectBuilder_Thrust/AQD_LG_IonThrusterL_ArmoredSlope
->-> Setting added successfully
-> Setting = MyObjectBuilder_Thrust/AQD_SG_IonThrusterL_Armored
->-> Setting added successfully
-> Setting = MyObjectBuilder_Thrust/AQD_SG_IonThrusterL_ArmoredSlope
->-> Setting added successfully
-> Setting = MyObjectBuilder_Thrust/AQD_LG_IonThrusterS_Armored
->-> Setting added successfully
-> Setting = MyObjectBuilder_Thrust/AQD_LG_IonThrusterS_ArmoredSlope
->-> Setting added successfully
-> Setting = MyObjectBuilder_Thrust/AQD_SG_IonThrusterS_Armored
->-> Setting added successfully
-> Setting = MyObjectBuilder_Thrust/AQD_SG_IonThrusterS_ArmoredSlope
->-> Setting added successfully
-> Setting = MyObjectBuilder_BatteryBlock/CapacitorLarge
->-> Setting added successfully
-> Setting = MyObjectBuilder_TerminalBlock/PM_LG_BLASTPLATE_BLASTPLATE
->-> Unable to retrieve MyCubeBlockDefinition
-> Setting = MyObjectBuilder_ConveyorSorter/AMP_HealGenerator
->-> Unable to retrieve MyCubeBlockDefinition
-> Setting = MyObjectBuilder_ConveyorSorter/AMP_FlakShotgun
->-> Unable to retrieve MyCubeBlockDefinition
-> Setting = MyObjectBuilder_ConveyorSorter/AMP_ImpulseTorch
->-> Unable to retrieve MyCubeBlockDefinition
-> Setting = MyObjectBuilder_TextPanel/NPC_Dummies_Desk
->-> Setting added successfully
-> Setting = MyObjectBuilder_TextPanel/NPC_Dummies_DeskCorner
->-> Setting added successfully
-> Setting = MyObjectBuilder_TextPanel/NPC_Dummies_Couch
->-> Setting added successfully
-> Setting = MyObjectBuilder_TextPanel/NPC_Dummies_CouchCorner
->-> Setting added successfully
-> Setting = MyObjectBuilder_TextPanel/NPC_Dummies_PassengerSeat
->-> Setting added successfully
-> Setting = MyObjectBuilder_TextPanel/NPC_Dummies_Standing_Wall
->-> Setting added successfully
-> Setting = MyObjectBuilder_TextPanel/NPC_Dummies_Standing_Akimbo
->-> Setting added successfully
-> Setting = MyObjectBuilder_TextPanel/NPC_Dummies_Standing_ArmPad
->-> Setting added successfully
-> Setting = MyObjectBuilder_TextPanel/NPC_Dummies_ControlSeat
->-> Setting added successfully
-> Setting = MyObjectBuilder_TextPanel/NPC_Dummies_Standing_Normal
->-> Setting added successfully
-> Setting = MyObjectBuilder_TextPanel/NPC_Dummies_Standing_Salute
->-> Setting added successfully
-> Setting = MyObjectBuilder_TextPanel/NPC_Dummies_Standing_Console
->-> Setting added successfully
-> Setting = MyObjectBuilder_TextPanel/NPC_Dummies_Standing_Console_Offset
->-> Setting added successfully
-> Setting = MyObjectBuilder_TextPanel/NPC_Dummies_Standing_ArmPad_Offset
->-> Setting added successfully
-> Setting = MyObjectBuilder_TextPanel/NPC_Dummies_Bed_Lying
->-> Setting added successfully
-> Setting = MyObjectBuilder_TextPanel/NPC_Dummies_Bed_Sitting
->-> Setting added successfully
-> Setting = MyObjectBuilder_TextPanel/NPC_Dummies_Standing_Rifle
->-> Setting added successfully
-> Setting = MyObjectBuilder_StoreBlock/NPC_Dummies_Store_Standing
->-> Setting added successfully
-> Setting = MyObjectBuilder_StoreBlock/NPC_Dummies_Store_Desk
->-> Setting added successfully
-> Setting = MyObjectBuilder_ContractBlock/NPC_Dummies_Contracts_Crates
->-> Setting added successfully
-> Setting = MyObjectBuilder_ContractBlock/NPC_Dummies_Contracts_Standing
->-> Setting added successfully
-> Setting = MyObjectBuilder_ContractBlock/NPC_Dummies_Contracts_Desk
->-> Setting added successfully
-> Setting = MyObjectBuilder_TextPanel/NPC_Dummies_Standing_LeaningDesk
->-> Setting added successfully
-> Setting = MyObjectBuilder_TextPanel/NPC_Dummies_Standing_LeaningDesk_Offset
->-> Setting added successfully
-> Setting = MyObjectBuilder_TextPanel/NPC_Dummies_Standing_LeaningRailing
->-> Setting added successfully
-> Setting = MyObjectBuilder_TextPanel/NPC_Dummies_F_Standing_Normal
->-> Setting added successfully
-> Setting = MyObjectBuilder_TextPanel/NPC_Dummies_F_Standing_Cup
->-> Setting added successfully
-> Setting = MyObjectBuilder_TextPanel/NPC_Dummies_F_Desk
->-> Setting added successfully
-> Setting = MyObjectBuilder_TextPanel/NPC_Dummies_F_DeskCorner
->-> Setting added successfully
-> Setting = MyObjectBuilder_TextPanel/NPC_Dummies_F_PassengerSeat
->-> Setting added successfully
-> Setting = MyObjectBuilder_TextPanel/NPC_Dummies_F_Couch
->-> Setting added successfully
-> Setting = MyObjectBuilder_TextPanel/NPC_Dummies_F_CouchCorner
->-> Setting added successfully
-> Setting = MyObjectBuilder_TextPanel/NPC_Dummies_Standing_Normal_Small
->-> Setting added successfully
-> Setting = MyObjectBuilder_TextPanel/NPC_Dummies_Standing_Wall_Small
->-> Setting added successfully
-> Setting = MyObjectBuilder_TextPanel/NPC_Dummies_Standing_Akimbo_Small
->-> Setting added successfully
-> Setting = MyObjectBuilder_TextPanel/NPC_Dummies_Standing_ArmPad_Small
->-> Setting added successfully
-> Setting = MyObjectBuilder_TextPanel/NPC_Dummies_Standing_Salute_Small
->-> Setting added successfully
-> Setting = MyObjectBuilder_TextPanel/NPC_Dummies_Standing_Console_Small_R
->-> Setting added successfully
-> Setting = MyObjectBuilder_TextPanel/NPC_Dummies_Standing_Console_Small_L
->-> Setting added successfully
-> Setting = MyObjectBuilder_TextPanel/NPC_Dummies_Standing_Rifle_Small
->-> Setting added successfully
-> Setting = MyObjectBuilder_TextPanel/NPC_Dummies_F_Standing_Normal_Small
->-> Setting added successfully
-> Setting = MyObjectBuilder_TextPanel/NPC_Dummies_F_Standing_Cup_Small
->-> Setting added successfully
-> Setting = MyObjectBuilder_StoreBlock/NPC_Dummies_Store_Standing_Small
->-> Setting added successfully
-> Setting = MyObjectBuilder_TextPanel/NPC_Dummies_PassengerSeat_Small
->-> Setting added successfully
-> Setting = MyObjectBuilder_TextPanel/NPC_Dummies_PassengerSeat_Small_Offset
->-> Setting added successfully
-> Setting = MyObjectBuilder_TextPanel/NPC_Dummies_F_PassengerSeat_Small
->-> Setting added successfully
-> Setting = MyObjectBuilder_TextPanel/NPC_Dummies_F_PassengerSeat_Small_Offset
->-> Setting added successfully
-> Setting = MyObjectBuilder_TextPanel/NPC_Dummies_ControlSeat_Small
->-> Setting added successfully
-> Setting = MyObjectBuilder_TextPanel/NPC_Dummies_Cryo_Small
->-> Setting added successfully
-> Setting = MyObjectBuilder_MotorStator/SubgridBase
->-> Setting added successfully
-> Setting = MyObjectBuilder_ConveyorSorter/AMP_FlameThrower
->-> Setting added successfully
-> Setting = MyObjectBuilder_ConveyorSorter/AMP_ArcMelee
->-> Setting added successfully
-> Setting = MyObjectBuilder_ConveyorSorter/AMP_ArcMeleeReskin
->-> Setting added successfully
-> Setting = MyObjectBuilder_ConveyorSorter/AMP_CryoShotgun
->-> Setting added successfully
-> Setting = MyObjectBuilder_ConveyorSorter/AMP_SwordMelee
->-> Setting added successfully
-> Setting = MyObjectBuilder_ConveyorSorter/AMP_ShieldAmplifier
->-> Setting added successfully
-> Setting = MyObjectBuilder_ConveyorSorter/AMP_ArcMeleeLarge
->-> Setting added successfully
-> Setting = MyObjectBuilder_ConveyorSorter/AMP_EnergyShieldGun
->-> Setting added successfully
-> Setting = MyObjectBuilder_ConveyorSorter/AMP_FlameThrowerSmall
->-> Setting added successfully
-> Setting = MyObjectBuilder_ConveyorSorter/NID_Pyroacid
->-> Setting added successfully
-> Setting = MyObjectBuilder_ConveyorSorter/NID_HeavyPyroacid
->-> Setting added successfully
-> Setting = MyObjectBuilder_ConveyorSorter/NID_Bioplasma
->-> Setting added successfully
-> Setting = MyObjectBuilder_ConveyorSorter/NID_Feeder
->-> Setting added successfully
-> Setting = MyObjectBuilder_ConveyorSorter/NID_Leap
->-> Setting added successfully
-> Setting = MyObjectBuilder_ConveyorSorter/NID_HiveDrone
->-> Setting added successfully
-> Setting = MyObjectBuilder_ConveyorSorter/NID_BioplasmaHivedrone
->-> Setting added successfully
-> Setting = MyObjectBuilder_ConveyorSorter/NovaCannon
->-> Setting added successfully
-> Setting = MyObjectBuilder_ConveyorSorter/HeavyBolterSmall
->-> Setting added successfully
-> Setting = MyObjectBuilder_ConveyorSorter/HeavyBolterSmallSponson
->-> Setting added successfully
-> Setting = MyObjectBuilder_ConveyorSorter/HeavyBolterLargeSponson
->-> Setting added successfully
-> Setting = MyObjectBuilder_ConveyorSorter/Lascannon
->-> Setting added successfully
-> Setting = MyObjectBuilder_ConveyorSorter/BattleCannon
->-> Setting added successfully
-> Setting = MyObjectBuilder_ConveyorSorter/PlasmaCannon
->-> Setting added successfully
-> Setting = MyObjectBuilder_ConveyorSorter/EarthshakerCannon
->-> Setting added successfully
-> Setting = MyObjectBuilder_ConveyorSorter/LightParticleWhip
->-> Unable to retrieve MyCubeBlockDefinition
-> Setting = MyObjectBuilder_ConveyorSorter/ParticleWhip
->-> Unable to retrieve MyCubeBlockDefinition
-> Setting = MyObjectBuilder_ConveyorSorter/FluxArcLarge
->-> Setting added successfully
-> Setting = MyObjectBuilder_ConveyorSorter/FluxArcSmall
->-> Setting added successfully
-> Setting = MyObjectBuilder_ConveyorSorter/MonoWhip
->-> Setting added successfully
-> Setting = MyObjectBuilder_ConveyorSorter/MonoWhipSmall
->-> Setting added successfully
-> Setting = MyObjectBuilder_ConveyorSorter/SolHyp_ArcStrike_Torp
->-> Setting added successfully
-> Setting = MyObjectBuilder_ConveyorSorter/Counter_Battery
->-> Setting added successfully
-> Setting = MyObjectBuilder_ConveyorSorter/S_Chem_Laser_Block
->-> Setting added successfully
-> Setting = MyObjectBuilder_ConveyorSorter/SolHyp_Magnetic_Coilgun
->-> Setting added successfully
-> Setting = MyObjectBuilder_ConveyorSorter/ACTIVE_BLASTPLATE
->-> Setting added successfully
-> Setting = MyObjectBuilder_ConveyorSorter/15cmTbtsKC36
->-> Setting added successfully
-> Setting = MyObjectBuilder_ConveyorSorter/127mmMk32
->-> Setting added successfully
-> Setting = MyObjectBuilder_ConveyorSorter/127mmMk24
->-> Setting added successfully
-> Setting = MyObjectBuilder_ConveyorSorter/6InchTriple
->-> Setting added successfully
-> Setting = MyObjectBuilder_ConveyorSorter/16InchTriple
->-> Setting added successfully
-> Setting = MyObjectBuilder_ConveyorSorter/381mmDualR
->-> Setting added successfully
-> Setting = MyObjectBuilder_ConveyorSorter/381mmDualNR
->-> Setting added successfully
-> Setting = MyObjectBuilder_ConveyorSorter/15cmSKC28R
->-> Setting added successfully
-> Setting = MyObjectBuilder_ConveyorSorter/15cmSKC28NR
->-> Setting added successfully
-> Setting = MyObjectBuilder_ConveyorSorter/380mmMLE1935
->-> Setting added successfully
-> Setting = MyObjectBuilder_ConveyorSorter/Reaver_Coilgun
->-> Setting added successfully
-> Setting = MyObjectBuilder_BatteryBlock/EntityCoverContainerL
->-> Setting added successfully
-> Setting = MyObjectBuilder_BatteryBlock/EntityCoverEveDerelict
->-> Setting added successfully
-> Setting = MyObjectBuilder_ConveyorSorter/SC_AR_Deimos
->-> Setting added successfully
-> Setting = MyObjectBuilder_ConveyorSorter/SC_AR_Eris
->-> Setting added successfully
-> Setting = MyObjectBuilder_ConveyorSorter/SC_AR_FocusedBeam
->-> Setting added successfully
-> Setting = MyObjectBuilder_ConveyorSorter/SC_AR_Heliod
->-> Setting added successfully
-> Setting = MyObjectBuilder_ConveyorSorter/SC_AR_MagnaStar
->-> Setting added successfully
-> Setting = MyObjectBuilder_ConveyorSorter/SC_AR_Phobos
->-> Setting added successfully
-> Setting = MyObjectBuilder_ConveyorSorter/HAS_Cyclops
->-> Setting added successfully

BeforeStart() - Checking Entity Components

Finished with settings


